2024/12/23 12:33:37 [32mServer is running...🚀
Link: 🌐 http://0.0.0.0:8787
2024/12/23 12:47:33 2024/12/23 12:47:33 HTTP/1.1 [GET]	0.0.0.0:8787/api/posts/Programming%20Languages?limit=20&offset=0 - 404 - Not Found
2024/12/23 12:47:33 no posts found for category: Programming Languages
2024/12/23 12:47:34 2024/12/23 12:47:34 HTTP/1.1 [GET]	0.0.0.0:8787/api/posts/Software%20Engineering?limit=20&offset=0 - 404 - Not Found
2024/12/23 12:47:34 no posts found for category: Software Engineering
2024/12/23 12:47:35 2024/12/23 12:47:35 HTTP/1.1 [GET]	0.0.0.0:8787/api/posts/Database%20Technologies?limit=20&offset=0 - 404 - Not Found
2024/12/23 12:47:35 no posts found for category: Database Technologies
2024/12/23 12:49:44 2024/12/23 12:49:44 HTTP/1.1 [GET]	0.0.0.0:8787/api/posts/Database%20Technologies?limit=20&offset=0 - 404 - Not Found
2024/12/23 12:49:44 no posts found for category: Database Technologies
2024/12/23 12:49:44 2024/12/23 12:49:44 HTTP/1.1 [GET]	0.0.0.0:8787/api/posts/Database%20Technologies?limit=20&offset=0 - 404 - Not Found
2024/12/23 12:49:44 no posts found for category: Database Technologies
2024/12/23 12:50:05 [32mServer is running...🚀
Link: 🌐 http://0.0.0.0:8787
2024/12/23 12:50:33 [32mServer is running...🚀
Link: 🌐 http://0.0.0.0:3000logfile.log
2024/12/23 12:52:45 [32mServer is running...🚀
Link: 🌐 http://0.0.0.0:9000
2024/12/23 13:00:35 [32mServer is running...🚀
Link: 🌐 http://0.0.0.0:3030
2024/12/23 14:30:06 [32mServer is running...🚀
Link: 🌐 http://0.0.0.0:3030
2024/12/23 14:30:45 2024/12/23 14:30:45 HTTP/1.1 [GET]	0.0.0.0:3030/api/posts/Programming%20Languages?limit=20&offset=0 - 404 - Not Found
2024/12/23 14:30:45 no posts found for category: Programming Languages
2024/12/23 14:30:51 2024/12/23 14:30:51 HTTP/1.1 [GET]	0.0.0.0:3030/api/posts/Programming%20Languages?limit=20&offset=0 - 404 - Not Found
2024/12/23 14:30:51 no posts found for category: Programming Languages
2024/12/23 14:31:08 2024/12/23 14:31:08 HTTP/1.1 [POST]	0.0.0.0:3030/api/post/vote - 401 - Unauthorized
2024/12/23 14:31:08 invalid token
2024/12/23 14:31:08 2024/12/23 14:31:08 HTTP/1.1 [POST]	0.0.0.0:3030/api/signout - 401 - Unauthorized
2024/12/23 14:31:08 invalid token
2024/12/23 14:31:17 2024/12/23 14:31:17 HTTP/1.1 [POST]	0.0.0.0:3030/api/post/vote - 401 - Unauthorized
2024/12/23 14:31:17 invalid token
2024/12/23 14:31:17 2024/12/23 14:31:17 HTTP/1.1 [POST]	0.0.0.0:3030/api/signout - 401 - Unauthorized
2024/12/23 14:31:17 invalid token
2024/12/23 14:31:30 2024/12/23 14:31:30 HTTP/1.1 [POST]	0.0.0.0:3030/api/signin - 400 - Bad Request
2024/12/23 14:31:30 invalid password
2024/12/23 14:31:37 2024/12/23 14:31:37 HTTP/1.1 [POST]	0.0.0.0:3030/api/signin - 400 - Bad Request
2024/12/23 14:31:37 invalid password
2024/12/23 14:56:06 2024/12/23 14:56:06 HTTP/1.1 [GET]	0.0.0.0:3030/api/posts/General?limit=20&offset=120 - 404 - Not Found
2024/12/23 14:56:06 no posts found for category: General
2024/12/23 15:06:44 [32mServer is running...🚀
Link: 🌐 http://0.0.0.0:3030
2024/12/23 15:07:38 [32mServer is running...🚀
Link: 🌐 http://0.0.0.0:9090
2024/12/23 15:11:33 [32mServer is running...🚀
Link: 🌐 http://0.0.0.0:9090
2024/12/23 15:12:01 [32mServer is running...🚀
Link: 🌐 http://0.0.0.0:3000
2024/12/23 15:12:01 error occured while listening server: listen tcp 0.0.0.0:3000: bind: address already in use
2024/12/23 15:12:10 [32mServer is running...🚀
Link: 🌐 http://0.0.0.0:3300
2024/12/23 15:15:19 2024/12/23 15:15:19 HTTP/1.1 [GET]	0.0.0.0:3300/api/posts/General?limit=20&offset=120 - 404 - Not Found
2024/12/23 15:15:19 no posts found for category: General
2024/12/23 15:16:35 2024/12/23 15:16:35 HTTP/1.1 [GET]	0.0.0.0:3300/api/posts/General?limit=20&offset=120 - 404 - Not Found
2024/12/23 15:16:35 no posts found for category: General
2024/12/23 15:26:22 [32mServer is running...🚀
Link: 🌐 http://0.0.0.0:3300
2024/12/23 15:27:23 2024/12/23 15:27:23 HTTP/1.1 [POST]	0.0.0.0:3300/api/post/vote - 401 - Unauthorized
2024/12/23 15:27:23 no token cookie
2024/12/23 15:27:23 2024/12/23 15:27:23 HTTP/1.1 [POST]	0.0.0.0:3300/api/signout - 401 - Unauthorized
2024/12/23 15:27:23 no token cookie
2024/12/23 15:35:09 [32mServer is running...🚀
Link: 🌐 http://0.0.logfile.log0.0:3300
2024/12/23 15:39:32 [32mServer is running...🚀
Link: 🌐 http://0.0.0.0:3400
2024/12/23 15:40:38 2024/12/23 15:40:38 HTTP/1.1 [GET]	0.0.0.0:3400/api/posts/Programming%20Languages?limit=20&offset=0 - 404 - Not Found
2024/12/23 15:40:38 no posts found for category: Programming Languages
2024/12/23 15:40:39 2024/12/23 15:40:39 HTTP/1.1 [GET]	0.0.0.0:3400/api/posts/Software%20Engineering?limit=20&offset=0 - 404 - Not Found
2024/12/23 15:40:39 no posts found for category: Software Engineering
2024/12/23 15:40:39 2024/12/23 15:40:39 HTTP/1.1 [GET]	0.0.0.0:3400/api/posts/Programming%20Languages?limit=20&offset=0 - 404 - Not Found
2024/12/23 15:40:39 no posts found for category: Programming Languages
2024/12/23 15:43:18 [32mServer is running...🚀
Link: 🌐 http://0.0.0.0:8080
2024/12/23 15:45:14 2024/12/23 15:45:14 HTTP/1.1 [GET]	0.0.0.0:8080/api/posts/General?limit=20&offset=120 - 404 - Not Found
2024/12/23 15:45:14 no posts found for category: General
2024/12/23 15:57:33 [32mServer is running...🚀
Link: 🌐 http://0.0.0.0:8080
2024/12/23 16:00:51 2024/12/23 16:00:51 HTTP/1.1 [GET]	0.0.0.0:8080/api/posts/Software%20Engineering?limit=20&offset=0 - 404 - Not Found
2024/12/23 16:00:51 no posts found for category: Software Engineering
2024/12/23 16:00:51 2024/12/23 16:00:51 HTTP/1.1 [GET]	0.0.0.0:8080/api/posts/Database%20Technologies?limit=20&offset=0 - 404 - Not Found
2024/12/23 16:00:51 no posts found for category: Database Technologies
2024/12/23 16:01:46 2024/12/23 16:01:46 HTTP/1.1 [GET]	0.0.0.0:8080/api/posts/Software%20Engineering?limit=20&offset=0 - 404 - Not Found
2024/12/23 16:01:46 no posts found for category: Software Engineering
2024/12/23 16:02:20 2024/12/23 16:02:20 HTTP/1.1 [GET]	0.0.0.0:8080/api/posts/Software%20Engineering?limit=20&offset=0 - 404 - Not Found
2024/12/23 16:02:20 no posts found for category: Software Engineering
2024/12/23 16:02:21 2024/12/23 16:02:21 HTTP/1.1 [GET]	0.0.0.0:8080/api/posts/Database%20Technologies?limit=20&offset=0 - 404 - Not Found
2024/12/23 16:02:21 no posts found for category: Database Technologies
2024/12/23 16:28:22 2024/12/23 16:28:22 HTTP/1.1 [GET]	0.0.0.0:8080/api/posts/General?limit=20&offset=120 - 404 - Not Found
2024/12/23 16:28:22 no posts found for category: General
2024/12/23 16:29:28 2024/12/23 16:29:28 HTTP/1.1 [GET]	0.0.0.0:8080/api/posts/General?limit=20&offset=120 - 404 - Not Found
2024/12/23 16:29:28 no posts found for category: General
2024/12/23 16:29:57 2024/12/23 16:29:57 HTTP/1.1 [GET]	0.0.0.0:8080/api/posts/Database%20Technologies?limit=20&offset=0 - 404 - Not Found
2024/12/23 16:29:57 no posts found for category: Database Technologies
2024/12/23 16:30:31 2024/12/23 16:30:31 HTTP/1.1 [GET]	0.0.0.0:8080/api/posts/General?limit=20&offset=120 - 404 - Not Found
2024/12/23 16:30:31 no posts found for category: General
2024/12/23 16:31:46 2024/12/23 16:31:46 HTTP/1.1 [GET]	0.0.0.0:8080/api/posts/General?limit=20&offset=120 - 404 - Not Found
2024/12/23 16:31:46 no posts found for category: General
2024/12/23 16:35:06 2024/12/23 16:35:06 HTTP/1.1 [GET]	0.0.0.0:8080/api/posts/General?limit=20&offset=120 - 404 - Not Found
2024/12/23 16:35:06 no posts found for category: General
2024/12/23 16:35:36 2024/12/23 16:35:36 HTTP/1.1 [GET]	0.0.0.0:8080/api/posts/General?limit=20&offset=120 - 404 - Not Found
2024/12/23 16:35:36 no posts found for category: General
2024/12/23 16:36:31 2024/12/23 16:36:31 HTTP/1.1 [GET]	0.0.0.0:8080/api/posts/General?limit=20&offset=120 - 404 - Not Found
2024/12/23 16:36:31 no posts found for category: General
2024/12/23 16:40:26 2024/12/23 16:40:26 HTTP/1.1 [GET]	0.0.0.0:8080/api/posts/General?limit=20&offset=120 - 404 - Not Found
2024/12/23 16:40:26 no posts found for category: General
2024/12/23 16:40:57 [32mServer is running...🚀
Link: 🌐 http://0.0.0.0:8080
2024/12/23 16:46:53 2024/12/23 16:46:53 HTTP/1.1 [GET]	0.0.0.0:8080/api/posts/General?limit=20&offset=120 - 404 - Not Found
2024/12/23 16:46:53 no posts found for category: General
2024/12/23 17:23:40 [32mServer is running...🚀
Link: 🌐 http://0.0.0.0:8080
2024/12/23 17:27:05 [32mServer is running...🚀
Link: 🌐 http://0.0.0.0:8080
2024/12/23 17:45:10 [32mServer is running...🚀
Link: 🌐 http://0.0.0.0:8080
2024/12/23 18:14:32 [32mServer is running...🚀
Link: 🌐 http://0.0.0.0:8090
2024/12/23 18:16:00 2024/12/23 18:16:00 HTTP/1.1 [POST]	0.0.0.0:8090/api/signin - 400 - Bad Request
2024/12/23 18:16:00 invalid password
2024/12/23 18:17:28 2024/12/23 18:17:28 HTTP/1.1 [POST]	0.0.0.0:8090/api/signin - 400 - Bad Request
2024/12/23 18:17:28 invalid password
2024/12/23 18:18:56 2024/12/23 18:18:56 HTTP/1.1 [POST]	0.0.0.0:8090/api/signin - 400 - Bad Request
2024/12/23 18:18:56 invalid password
2024/12/23 18:34:24 [32mServer is running...🚀
Link: 🌐 http://0.0.0.0:9090
2024/12/23 18:35:35 2024/12/23 18:35:35 HTTP/1.1 [POST]	0.0.0.0:9090/api/signin - 400 - Bad Request
2024/12/23 18:35:35 invalid email or password
2024/12/23 18:35:43 2024/12/23 18:35:43 HTTP/1.1 [POST]	0.0.0.0:9090/api/signin - 400 - Bad Request
2024/12/23 18:35:43 invalid email or password
2024/12/23 18:35:52 2024/12/23 18:35:52 HTTP/1.1 [POST]	0.0.0.0:9090/api/signin - 400 - Bad Request
2024/12/23 18:35:52 invalid email or password
2024/12/23 18:53:32 [32mServer is running...🚀
Link: 🌐 http://0.0.0.0:3030
2024/12/24 11:29:08 [32mServer is running...🚀
Link: 🌐 http://0.0.0.0:3030
2024/12/24 11:29:16 http: panic serving 127.0.0.1:48688: interface conversion: interface {} is nil, not int
goroutine 18 [running]:
net/http.(*conn).serve.func1()
	/home/oamyay/go/pkg/mod/golang.org/toolchain@v0.0.1-go1.23.3.linux-amd64/src/net/http/server.go:1947 +0xbe
panic({0x8cf3a0?, 0xc0001b1680?})
	/home/oamyay/go/pkg/mod/golang.org/toolchain@v0.0.1-go1.23.3.linux-amd64/src/runtime/panic.go:785 +0x132
forum/internal/repository.(*PostRepository).GetPostByID(0xc000118020, {0x9db258, 0xc0001b15f0}, 0x14)
	/home/oamyay/Desktop/zone_01/go/ForumV2/internal/repository/post.go:234 +0x410
forum/internal/service.(*PostService).GetPostByID(0x0?, {0x9db258?, 0xc0001b15f0?}, 0x30?)
	/home/oamyay/Desktop/zone_01/go/ForumV2/internal/service/post.go:73 +0x83
forum/internal/controller/http1.(*Handler).getPostbyID(0xc000124080, {0x9dab18, 0xc0000ca380}, 0xc0000d2c80)
	/home/oamyay/Desktop/zone_01/go/ForumV2/internal/controller/http1/post.go:52 +0x139
forum/internal/controller/http1.(*Handler).InitRoutes.(*Handler).identify.func6({0x9dab18, 0xc0000ca380}, 0xc0000d2a00)
	/home/oamyay/Desktop/zone_01/go/ForumV2/internal/controller/http1/middleware.go:86 +0x588
net/http.HandlerFunc.ServeHTTP(0xc0001b1500?, {0x9dab18?, 0xc0000ca380?}, 0x9383b3?)
	/home/oamyay/go/pkg/mod/golang.org/toolchain@v0.0.1-go1.23.3.linux-amd64/src/net/http/server.go:2220 +0x29
forum/internal/controller/http1.(*Handler).InitRoutes.(*Handler).corsMiddleWare.func7({0x9dab18, 0xc0000ca380}, 0xc0000d2a00)
	/home/oamyay/Desktop/zone_01/go/ForumV2/internal/controller/http1/middleware.go:27 +0x13f
net/http.HandlerFunc.ServeHTTP(0x8c7260?, {0x9dab18?, 0xc0000ca380?}, 0xf?)
	/home/oamyay/go/pkg/mod/golang.org/toolchain@v0.0.1-go1.23.3.linux-amd64/src/net/http/server.go:2220 +0x29
forum/internal/controller/http1.(*Handler).InitRoutes.(*RateLimiter).Limiter.func8({0x9dab18, 0xc0000ca380}, 0xc0000d2a00)
	/home/oamyay/Desktop/zone_01/go/ForumV2/internal/controller/http1/rateLimiter.go:69 +0x232
net/http.HandlerFunc.ServeHTTP(0xc000128000?, {0x9dab18?, 0xc0000ca380?}, 0x6ed756?)
	/home/oamyay/go/pkg/mod/golang.org/toolchain@v0.0.1-go1.23.3.linux-amd64/src/net/http/server.go:2220 +0x29
net/http.(*ServeMux).ServeHTTP(0x46bfb9?, {0x9dab18, 0xc0000ca380}, 0xc0000d2a00)
	/home/oamyay/go/pkg/mod/golang.org/toolchain@v0.0.1-go1.23.3.linux-amd64/src/net/http/server.go:2747 +0x1ca
net/http.serverHandler.ServeHTTP({0xc00011a900?}, {0x9dab18?, 0xc0000ca380?}, 0x6?)
	/home/oamyay/go/pkg/mod/golang.org/toolchain@v0.0.1-go1.23.3.linux-amd64/src/net/http/server.go:3210 +0x8e
net/http.(*conn).serve(0xc00011e120, {0x9db258, 0xc00011a810})
	/home/oamyay/go/pkg/mod/golang.org/toolchain@v0.0.1-go1.23.3.linux-amd64/src/net/http/server.go:2092 +0x5d0
created by net/http.(*Server).Serve in goroutine 1
	/home/oamyay/go/pkg/mod/golang.org/toolchain@v0.0.1-go1.23.3.linux-amd64/src/net/http/server.go:3360 +0x485
2024/12/24 11:29:16 http: panic serving 127.0.0.1:48716: interface conversion: interface {} is nil, not int
goroutine 36 [running]:
net/http.(*conn).serve.func1()
	/home/oamyay/go/pkg/mod/golang.org/toolchain@v0.0.1-go1.23.3.linux-amd64/src/net/http/server.go:1947 +0xbe
panic({0x8cf3a0?, 0xc0001b1860?})
	/home/oamyay/go/pkg/mod/golang.org/toolchain@v0.0.1-go1.23.3.linux-amd64/src/runtime/panic.go:785 +0x132
forum/internal/repository.(*PostRepository).GetPostByID(0xc000118020, {0x9db258, 0xc0001b17d0}, 0x14)
	/home/oamyay/Desktop/zone_01/go/ForumV2/internal/repository/post.go:234 +0x410
forum/internal/service.(*PostService).GetPostByID(0x0?, {0x9db258?, 0xc0001b17d0?}, 0x30?)
	/home/oamyay/Desktop/zone_01/go/ForumV2/internal/service/post.go:73 +0x83
forum/internal/controller/http1.(*Handler).getPostbyID(0xc000124080, {0x9dab18, 0xc0000ca460}, 0xc0000d3040)
	/home/oamyay/Desktop/zone_01/go/ForumV2/internal/controller/http1/post.go:52 +0x139
forum/internal/controller/http1.(*Handler).InitRoutes.(*Handler).identify.func6({0x9dab18, 0xc0000ca460}, 0xc0000d2dc0)
	/home/oamyay/Desktop/zone_01/go/ForumV2/internal/controller/http1/middleware.go:86 +0x588
net/http.HandlerFunc.ServeHTTP(0xc0001b16e0?, {0x9dab18?, 0xc0000ca460?}, 0x9383b3?)
	/home/oamyay/go/pkg/mod/golang.org/toolchain@v0.0.1-go1.23.3.linux-amd64/src/net/http/server.go:2220 +0x29
forum/internal/controller/http1.(*Handler).InitRoutes.(*Handler).corsMiddleWare.func7({0x9dab18, 0xc0000ca460}, 0xc0000d2dc0)
	/home/oamyay/Desktop/zone_01/go/ForumV2/internal/controller/http1/middleware.go:27 +0x13f
net/http.HandlerFunc.ServeHTTP(0x8c7260?, {0x9dab18?, 0xc0000ca460?}, 0xf?)
	/home/oamyay/go/pkg/mod/golang.org/toolchain@v0.0.1-go1.23.3.linux-amd64/src/net/http/server.go:2220 +0x29
forum/internal/controller/http1.(*Handler).InitRoutes.(*RateLimiter).Limiter.func8({0x9dab18, 0xc0000ca460}, 0xc0000d2dc0)
	/home/oamyay/Desktop/zone_01/go/ForumV2/internal/controller/http1/rateLimiter.go:69 +0x232
net/http.HandlerFunc.ServeHTTP(0xc000128000?, {0x9dab18?, 0xc0000ca460?}, 0x6ed756?)
	/home/oamyay/go/pkg/mod/golang.org/toolchain@v0.0.1-go1.23.3.linux-amd64/src/net/http/server.go:2220 +0x29
net/http.(*ServeMux).ServeHTTP(0x46bfb9?, {0x9dab18, 0xc0000ca460}, 0xc0000d2dc0)
	/home/oamyay/go/pkg/mod/golang.org/toolchain@v0.0.1-go1.23.3.linux-amd64/src/net/http/server.go:2747 +0x1ca
net/http.serverHandler.ServeHTTP({0xc000204510?}, {0x9dab18?, 0xc0000ca460?}, 0x6?)
	/home/oamyay/go/pkg/mod/golang.org/toolchain@v0.0.1-go1.23.3.linux-amd64/src/net/http/server.go:3210 +0x8e
net/http.(*conn).serve(0xc000202360, {0x9db258, 0xc00011a810})
	/home/oamyay/go/pkg/mod/golang.org/toolchain@v0.0.1-go1.23.3.linux-amd64/src/net/http/server.go:2092 +0x5d0
created by net/http.(*Server).Serve in goroutine 1
	/home/oamyay/go/pkg/mod/golang.org/toolchain@v0.0.1-go1.23.3.linux-amd64/src/net/http/server.go:3360 +0x485
2024/12/24 11:29:16 http: panic serving 127.0.0.1:48696: interface conversion: interface {} is nil, not int
goroutine 8 [running]:
net/http.(*conn).serve.func1()
	/home/oamyay/go/pkg/mod/golang.org/toolchain@v0.0.1-go1.23.3.linux-amd64/src/net/http/server.go:1947 +0xbe
panic({0x8cf3a0?, 0xc0001b1aa0?})
	/home/oamyay/go/pkg/mod/golang.org/toolchain@v0.0.1-go1.23.3.linux-amd64/src/runtime/panic.go:785 +0x132
forum/internal/repository.(*PostRepository).GetPostByID(0xc000118020, {0x9db258, 0xc0001b1a10}, 0x14)
	/home/oamyay/Desktop/zone_01/go/ForumV2/internal/repository/post.go:234 +0x410
forum/internal/service.(*PostService).GetPostByID(0x0?, {0x9db258?, 0xc0001b1a10?}, 0x30?)
	/home/oamyay/Desktop/zone_01/go/ForumV2/internal/service/post.go:73 +0x83
forum/internal/controller/http1.(*Handler).getPostbyID(0xc000124080, {0x9dab18, 0xc0000ca540}, 0xc0000d3400)
	/home/oamyay/Desktop/zone_01/go/ForumV2/internal/controller/http1/post.go:52 +0x139
forum/internal/controller/http1.(*Handler).InitRoutes.(*Handler).identify.func6({0x9dab18, 0xc0000ca540}, 0xc0000d3180)
	/home/oamyay/Desktop/zone_01/go/ForumV2/internal/controller/http1/middleware.go:86 +0x588
net/http.HandlerFunc.ServeHTTP(0xc0001b1920?, {0x9dab18?, 0xc0000ca540?}, 0x9383b3?)
	/home/oamyay/go/pkg/mod/golang.org/toolchain@v0.0.1-go1.23.3.linux-amd64/src/net/http/server.go:2220 +0x29
forum/internal/controller/http1.(*Handler).InitRoutes.(*Handler).corsMiddleWare.func7({0x9dab18, 0xc0000ca540}, 0xc0000d3180)
	/home/oamyay/Desktop/zone_01/go/ForumV2/internal/controller/http1/middleware.go:27 +0x13f
net/http.HandlerFunc.ServeHTTP(0x8c7260?, {0x9dab18?, 0xc0000ca540?}, 0xf?)
	/home/oamyay/go/pkg/mod/golang.org/toolchain@v0.0.1-go1.23.3.linux-amd64/src/net/http/server.go:2220 +0x29
forum/internal/controller/http1.(*Handler).InitRoutes.(*RateLimiter).Limiter.func8({0x9dab18, 0xc0000ca540}, 0xc0000d3180)
	/home/oamyay/Desktop/zone_01/go/ForumV2/internal/controller/http1/rateLimiter.go:69 +0x232
net/http.HandlerFunc.ServeHTTP(0xc000128000?, {0x9dab18?, 0xc0000ca540?}, 0x6ed756?)
	/home/oamyay/go/pkg/mod/golang.org/toolchain@v0.0.1-go1.23.3.linux-amd64/src/net/http/server.go:2220 +0x29
net/http.(*ServeMux).ServeHTTP(0x46bfb9?, {0x9dab18, 0xc0000ca540}, 0xc0000d3180)
	/home/oamyay/go/pkg/mod/golang.org/toolchain@v0.0.1-go1.23.3.linux-amd64/src/net/http/server.go:2747 +0x1ca
net/http.serverHandler.ServeHTTP({0xc000204300?}, {0x9dab18?, 0xc0000ca540?}, 0x6?)
	/home/oamyay/go/pkg/mod/golang.org/toolchain@v0.0.1-go1.23.3.linux-amd64/src/net/http/server.go:3210 +0x8e
net/http.(*conn).serve(0xc0000d47e0, {0x9db258, 0xc00011a810})
	/home/oamyay/go/pkg/mod/golang.org/toolchain@v0.0.1-go1.23.3.linux-amd64/src/net/http/server.go:2092 +0x5d0
created by net/http.(*Server).Serve in goroutine 1
	/home/oamyay/go/pkg/mod/golang.org/toolchain@v0.0.1-go1.23.3.linux-amd64/src/net/http/server.go:3360 +0x485
2024/12/24 11:29:16 http: panic serving 127.0.0.1:48732: interface conversion: interface {} is nil, not int
goroutine 37 [running]:
net/http.(*conn).serve.func1()
	/home/oamyay/go/pkg/mod/golang.org/toolchain@v0.0.1-go1.23.3.linux-amd64/src/net/http/server.go:1947 +0xbe
panic({0x8cf3a0?, 0xc000429320?})
	/home/oamyay/go/pkg/mod/golang.org/toolchain@v0.0.1-go1.23.3.linux-amd64/src/runtime/panic.go:785 +0x132
forum/internal/repository.(*PostRepository).GetPostByID(0xc000118020, {0x9db258, 0xc000429290}, 0x14)
	/home/oamyay/Desktop/zone_01/go/ForumV2/internal/repository/post.go:234 +0x410
forum/internal/service.(*PostService).GetPostByID(0x0?, {0x9db258?, 0xc000429290?}, 0x30?)
	/home/oamyay/Desktop/zone_01/go/ForumV2/internal/service/post.go:73 +0x83
forum/internal/controller/http1.(*Handler).getPostbyID(0xc000124080, {0x9dab18, 0xc000432620}, 0xc000423180)
	/home/oamyay/Desktop/zone_01/go/ForumV2/internal/controller/http1/post.go:52 +0x139
forum/internal/controller/http1.(*Handler).InitRoutes.(*Handler).identify.func6({0x9dab18, 0xc000432620}, 0xc000422f00)
	/home/oamyay/Desktop/zone_01/go/ForumV2/internal/controller/http1/middleware.go:86 +0x588
net/http.HandlerFunc.ServeHTTP(0xc0004291a0?, {0x9dab18?, 0xc000432620?}, 0x9383b3?)
	/home/oamyay/go/pkg/mod/golang.org/toolchain@v0.0.1-go1.23.3.linux-amd64/src/net/http/server.go:2220 +0x29
forum/internal/controller/http1.(*Handler).InitRoutes.(*Handler).corsMiddleWare.func7({0x9dab18, 0xc000432620}, 0xc000422f00)
	/home/oamyay/Desktop/zone_01/go/ForumV2/internal/controller/http1/middleware.go:27 +0x13f
net/http.HandlerFunc.ServeHTTP(0x8c7260?, {0x9dab18?, 0xc000432620?}, 0xf?)
	/home/oamyay/go/pkg/mod/golang.org/toolchain@v0.0.1-go1.23.3.linux-amd64/src/net/http/server.go:2220 +0x29
forum/internal/controller/http1.(*Handler).InitRoutes.(*RateLimiter).Limiter.func8({0x9dab18, 0xc000432620}, 0xc000422f00)
	/home/oamyay/Desktop/zone_01/go/ForumV2/internal/controller/http1/rateLimiter.go:69 +0x232
net/http.HandlerFunc.ServeHTTP(0xc000128000?, {0x9dab18?, 0xc000432620?}, 0x6ed756?)
	/home/oamyay/go/pkg/mod/golang.org/toolchain@v0.0.1-go1.23.3.linux-amd64/src/net/http/server.go:2220 +0x29
net/http.(*ServeMux).ServeHTTP(0x46bfb9?, {0x9dab18, 0xc000432620}, 0xc000422f00)
	/home/oamyay/go/pkg/mod/golang.org/toolchain@v0.0.1-go1.23.3.linux-amd64/src/net/http/server.go:2747 +0x1ca
net/http.serverHandler.ServeHTTP({0xc000204600?}, {0x9dab18?, 0xc000432620?}, 0x6?)
	/home/oamyay/go/pkg/mod/golang.org/toolchain@v0.0.1-go1.23.3.linux-amd64/src/net/http/server.go:3210 +0x8e
net/http.(*conn).serve(0xc0002023f0, {0x9db258, 0xc00011a810})
	/home/oamyay/go/pkg/mod/golang.org/toolchain@v0.0.1-go1.23.3.linux-amd64/src/net/http/server.go:2092 +0x5d0
created by net/http.(*Server).Serve in goroutine 1
	/home/oamyay/go/pkg/mod/golang.org/toolchain@v0.0.1-go1.23.3.linux-amd64/src/net/http/server.go:3360 +0x485
2024/12/24 11:29:16 http: panic serving 127.0.0.1:48714: interface conversion: interface {} is nil, not int
goroutine 21 [running]:
net/http.(*conn).serve.func1()
	/home/oamyay/go/pkg/mod/golang.org/toolchain@v0.0.1-go1.23.3.linux-amd64/src/net/http/server.go:1947 +0xbe
panic({0x8cf3a0?, 0xc000429500?})
	/home/oamyay/go/pkg/mod/golang.org/toolchain@v0.0.1-go1.23.3.linux-amd64/src/runtime/panic.go:785 +0x132
forum/internal/repository.(*PostRepository).GetPostByID(0xc000118020, {0x9db258, 0xc000429470}, 0x14)
	/home/oamyay/Desktop/zone_01/go/ForumV2/internal/repository/post.go:234 +0x410
forum/internal/service.(*PostService).GetPostByID(0x0?, {0x9db258?, 0xc000429470?}, 0x30?)
	/home/oamyay/Desktop/zone_01/go/ForumV2/internal/service/post.go:73 +0x83
forum/internal/controller/http1.(*Handler).getPostbyID(0xc000124080, {0x9dab18, 0xc000432700}, 0xc000423540)
	/home/oamyay/Desktop/zone_01/go/ForumV2/internal/controller/http1/post.go:52 +0x139
forum/internal/controller/http1.(*Handler).InitRoutes.(*Handler).identify.func6({0x9dab18, 0xc000432700}, 0xc0004232c0)
	/home/oamyay/Desktop/zone_01/go/ForumV2/internal/controller/http1/middleware.go:86 +0x588
net/http.HandlerFunc.ServeHTTP(0xc000429380?, {0x9dab18?, 0xc000432700?}, 0x9383b3?)
	/home/oamyay/go/pkg/mod/golang.org/toolchain@v0.0.1-go1.23.3.linux-amd64/src/net/http/server.go:2220 +0x29
forum/internal/controller/http1.(*Handler).InitRoutes.(*Handler).corsMiddleWare.func7({0x9dab18, 0xc000432700}, 0xc0004232c0)
	/home/oamyay/Desktop/zone_01/go/ForumV2/internal/controller/http1/middleware.go:27 +0x13f
net/http.HandlerFunc.ServeHTTP(0x8c7260?, {0x9dab18?, 0xc000432700?}, 0xf?)
	/home/oamyay/go/pkg/mod/golang.org/toolchain@v0.0.1-go1.23.3.linux-amd64/src/net/http/server.go:2220 +0x29
forum/internal/controller/http1.(*Handler).InitRoutes.(*RateLimiter).Limiter.func8({0x9dab18, 0xc000432700}, 0xc0004232c0)
	/home/oamyay/Desktop/zone_01/go/ForumV2/internal/controller/http1/rateLimiter.go:69 +0x232
net/http.HandlerFunc.ServeHTTP(0xc000128000?, {0x9dab18?, 0xc000432700?}, 0x6ed756?)
	/home/oamyay/go/pkg/mod/golang.org/toolchain@v0.0.1-go1.23.3.linux-amd64/src/net/http/server.go:2220 +0x29
net/http.(*ServeMux).ServeHTTP(0x46bfb9?, {0x9dab18, 0xc000432700}, 0xc0004232c0)
	/home/oamyay/go/pkg/mod/golang.org/toolchain@v0.0.1-go1.23.3.linux-amd64/src/net/http/server.go:2747 +0x1ca
net/http.serverHandler.ServeHTTP({0xc000204450?}, {0x9dab18?, 0xc000432700?}, 0x6?)
	/home/oamyay/go/pkg/mod/golang.org/toolchain@v0.0.1-go1.23.3.linux-amd64/src/net/http/server.go:3210 +0x8e
net/http.(*conn).serve(0xc00011e480, {0x9db258, 0xc00011a810})
	/home/oamyay/go/pkg/mod/golang.org/toolchain@v0.0.1-go1.23.3.linux-amd64/src/net/http/server.go:2092 +0x5d0
created by net/http.(*Server).Serve in goroutine 1
	/home/oamyay/go/pkg/mod/golang.org/toolchain@v0.0.1-go1.23.3.linux-amd64/src/net/http/server.go:3360 +0x485
2024/12/24 11:29:16 http: panic serving 127.0.0.1:48700: interface conversion: interface {} is nil, not int
goroutine 52 [running]:
net/http.(*conn).serve.func1()
	/home/oamyay/go/pkg/mod/golang.org/toolchain@v0.0.1-go1.23.3.linux-amd64/src/net/http/server.go:1947 +0xbe
panic({0x8cf3a0?, 0xc000429740?})
	/home/oamyay/go/pkg/mod/golang.org/toolchain@v0.0.1-go1.23.3.linux-amd64/src/runtime/panic.go:785 +0x132
forum/internal/repository.(*PostRepository).GetPostByID(0xc000118020, {0x9db258, 0xc0004296b0}, 0x14)
	/home/oamyay/Desktop/zone_01/go/ForumV2/internal/repository/post.go:234 +0x410
forum/internal/service.(*PostService).GetPostByID(0x0?, {0x9db258?, 0xc0004296b0?}, 0x30?)
	/home/oamyay/Desktop/zone_01/go/ForumV2/internal/service/post.go:73 +0x83
forum/internal/controller/http1.(*Handler).getPostbyID(0xc000124080, {0x9dab18, 0xc0004327e0}, 0xc000423900)
	/home/oamyay/Desktop/zone_01/go/ForumV2/internal/controller/http1/post.go:52 +0x139
forum/internal/controller/http1.(*Handler).InitRoutes.(*Handler).identify.func6({0x9dab18, 0xc0004327e0}, 0xc000423680)
	/home/oamyay/Desktop/zone_01/go/ForumV2/internal/controller/http1/middleware.go:86 +0x588
net/http.HandlerFunc.ServeHTTP(0xc0004295c0?, {0x9dab18?, 0xc0004327e0?}, 0x9383b3?)
	/home/oamyay/go/pkg/mod/golang.org/toolchain@v0.0.1-go1.23.3.linux-amd64/src/net/http/server.go:2220 +0x29
forum/internal/controller/http1.(*Handler).InitRoutes.(*Handler).corsMiddleWare.func7({0x9dab18, 0xc0004327e0}, 0xc000423680)
	/home/oamyay/Desktop/zone_01/go/ForumV2/internal/controller/http1/middleware.go:27 +0x13f
net/http.HandlerFunc.ServeHTTP(0x8c7260?, {0x9dab18?, 0xc0004327e0?}, 0xf?)
	/home/oamyay/go/pkg/mod/golang.org/toolchain@v0.0.1-go1.23.3.linux-amd64/src/net/http/server.go:2220 +0x29
forum/internal/controller/http1.(*Handler).InitRoutes.(*RateLimiter).Limiter.func8({0x9dab18, 0xc0004327e0}, 0xc000423680)
	/home/oamyay/Desktop/zone_01/go/ForumV2/internal/controller/http1/rateLimiter.go:69 +0x232
net/http.HandlerFunc.ServeHTTP(0xc000128000?, {0x9dab18?, 0xc0004327e0?}, 0x6ed756?)
	/home/oamyay/go/pkg/mod/golang.org/toolchain@v0.0.1-go1.23.3.linux-amd64/src/net/http/server.go:2220 +0x29
net/http.(*ServeMux).ServeHTTP(0x46bfb9?, {0x9dab18, 0xc0004327e0}, 0xc000423680)
	/home/oamyay/go/pkg/mod/golang.org/toolchain@v0.0.1-go1.23.3.linux-amd64/src/net/http/server.go:2747 +0x1ca
net/http.serverHandler.ServeHTTP({0xc000380240?}, {0x9dab18?, 0xc0004327e0?}, 0x6?)
	/home/oamyay/go/pkg/mod/golang.org/toolchain@v0.0.1-go1.23.3.linux-amd64/src/net/http/server.go:3210 +0x8e
net/http.(*conn).serve(0xc000386240, {0x9db258, 0xc00011a810})
	/home/oamyay/go/pkg/mod/golang.org/toolchain@v0.0.1-go1.23.3.linux-amd64/src/net/http/server.go:2092 +0x5d0
created by net/http.(*Server).Serve in goroutine 1
	/home/oamyay/go/pkg/mod/golang.org/toolchain@v0.0.1-go1.23.3.linux-amd64/src/net/http/server.go:3360 +0x485
2024/12/24 11:29:16 http: panic serving 127.0.0.1:48748: interface conversion: interface {} is nil, not int
goroutine 181 [running]:
net/http.(*conn).serve.func1()
	/home/oamyay/go/pkg/mod/golang.org/toolchain@v0.0.1-go1.23.3.linux-amd64/src/net/http/server.go:1947 +0xbe
panic({0x8cf3a0?, 0xc000429a10?})
	/home/oamyay/go/pkg/mod/golang.org/toolchain@v0.0.1-go1.23.3.linux-amd64/src/runtime/panic.go:785 +0x132
forum/internal/repository.(*PostRepository).GetPostByID(0xc000118020, {0x9db258, 0xc000429980}, 0x14)
	/home/oamyay/Desktop/zone_01/go/ForumV2/internal/repository/post.go:234 +0x410
forum/internal/service.(*PostService).GetPostByID(0x0?, {0x9db258?, 0xc000429980?}, 0x30?)
	/home/oamyay/Desktop/zone_01/go/ForumV2/internal/service/post.go:73 +0x83
forum/internal/controller/http1.(*Handler).getPostbyID(0xc000124080, {0x9dab18, 0xc0004328c0}, 0xc000423cc0)
	/home/oamyay/Desktop/zone_01/go/ForumV2/internal/controller/http1/post.go:52 +0x139
forum/internal/controller/http1.(*Handler).InitRoutes.(*Handler).identify.func6({0x9dab18, 0xc0004328c0}, 0xc000423a40)
	/home/oamyay/Desktop/zone_01/go/ForumV2/internal/controller/http1/middleware.go:86 +0x588
net/http.HandlerFunc.ServeHTTP(0xc000429890?, {0x9dab18?, 0xc0004328c0?}, 0x9383b3?)
	/home/oamyay/go/pkg/mod/golang.org/toolchain@v0.0.1-go1.23.3.linux-amd64/src/net/http/server.go:2220 +0x29
forum/internal/controller/http1.(*Handler).InitRoutes.(*Handler).corsMiddleWare.func7({0x9dab18, 0xc0004328c0}, 0xc000423a40)
	/home/oamyay/Desktop/zone_01/go/ForumV2/internal/controller/http1/middleware.go:27 +0x13f
net/http.HandlerFunc.ServeHTTP(0x8c7260?, {0x9dab18?, 0xc0004328c0?}, 0xf?)
	/home/oamyay/go/pkg/mod/golang.org/toolchain@v0.0.1-go1.23.3.linux-amd64/src/net/http/server.go:2220 +0x29
forum/internal/controller/http1.(*Handler).InitRoutes.(*RateLimiter).Limiter.func8({0x9dab18, 0xc0004328c0}, 0xc000423a40)
	/home/oamyay/Desktop/zone_01/go/ForumV2/internal/controller/http1/rateLimiter.go:69 +0x232
net/http.HandlerFunc.ServeHTTP(0xc000128000?, {0x9dab18?, 0xc0004328c0?}, 0x6ed756?)
	/home/oamyay/go/pkg/mod/golang.org/toolchain@v0.0.1-go1.23.3.linux-amd64/src/net/http/server.go:2220 +0x29
net/http.(*ServeMux).ServeHTTP(0x46bfb9?, {0x9dab18, 0xc0004328c0}, 0xc000423a40)
	/home/oamyay/go/pkg/mod/golang.org/toolchain@v0.0.1-go1.23.3.linux-amd64/src/net/http/server.go:2747 +0x1ca
net/http.serverHandler.ServeHTTP({0xc000429800?}, {0x9dab18?, 0xc0004328c0?}, 0x6?)
	/home/oamyay/go/pkg/mod/golang.org/toolchain@v0.0.1-go1.23.3.linux-amd64/src/net/http/server.go:3210 +0x8e
net/http.(*conn).serve(0xc000427440, {0x9db258, 0xc00011a810})
	/home/oamyay/go/pkg/mod/golang.org/toolchain@v0.0.1-go1.23.3.linux-amd64/src/net/http/server.go:2092 +0x5d0
created by net/http.(*Server).Serve in goroutine 1
	/home/oamyay/go/pkg/mod/golang.org/toolchain@v0.0.1-go1.23.3.linux-amd64/src/net/http/server.go:3360 +0x485
2024/12/24 11:56:34 [32mServer is running...🚀
Link: 🌐 http://0.0.0.0:3030
2024/12/24 11:56:44 http: panic serving 127.0.0.1:34410: interface conversion: interface {} is nil, not int
goroutine 38 [running]:
net/http.(*conn).serve.func1()
	/home/oamyay/go/pkg/mod/golang.org/toolchain@v0.0.1-go1.23.3.linux-amd64/src/net/http/server.go:1947 +0xbe
panic({0x8cf420?, 0xc0002e4630?})
	/home/oamyay/go/pkg/mod/golang.org/toolchain@v0.0.1-go1.23.3.linux-amd64/src/runtime/panic.go:785 +0x132
forum/internal/controller/http1.(*Handler).votePost(0xc0001900a0, {0x9dacb8, 0xc0000ca380}, 0xc0000d2b40)
	/home/oamyay/Desktop/zone_01/go/ForumV2/internal/controller/http1/post.go:97 +0x2f8
forum/internal/controller/http1.(*Handler).InitRoutes.(*Handler).identify.func6({0x9dacb8, 0xc0000ca380}, 0xc0000d28c0)
	/home/oamyay/Desktop/zone_01/go/ForumV2/internal/controller/http1/middleware.go:62 +0x3c2
net/http.HandlerFunc.ServeHTTP(0xc0002e43f0?, {0x9dacb8?, 0xc0000ca380?}, 0x938513?)
	/home/oamyay/go/pkg/mod/golang.org/toolchain@v0.0.1-go1.23.3.linux-amd64/src/net/http/server.go:2220 +0x29
forum/internal/controller/http1.(*Handler).InitRoutes.(*Handler).corsMiddleWare.func7({0x9dacb8, 0xc0000ca380}, 0xc0000d28c0)
	/home/oamyay/Desktop/zone_01/go/ForumV2/internal/controller/http1/middleware.go:21 +0x13f
net/http.HandlerFunc.ServeHTTP(0x8c72e0?, {0x9dacb8?, 0xc0000ca380?}, 0xf?)
	/home/oamyay/go/pkg/mod/golang.org/toolchain@v0.0.1-go1.23.3.linux-amd64/src/net/http/server.go:2220 +0x29
forum/internal/controller/http1.(*Handler).InitRoutes.(*RateLimiter).Limiter.func8({0x9dacb8, 0xc0000ca380}, 0xc0000d28c0)
	/home/oamyay/Desktop/zone_01/go/ForumV2/internal/controller/http1/rateLimiter.go:69 +0x232
net/http.HandlerFunc.ServeHTTP(0xc000196000?, {0x9dacb8?, 0xc0000ca380?}, 0x1?)
	/home/oamyay/go/pkg/mod/golang.org/toolchain@v0.0.1-go1.23.3.linux-amd64/src/net/http/server.go:2220 +0x29
net/http.(*ServeMux).ServeHTTP(0x413c45?, {0x9dacb8, 0xc0000ca380}, 0xc0000d28c0)
	/home/oamyay/go/pkg/mod/golang.org/toolchain@v0.0.1-go1.23.3.linux-amd64/src/net/http/server.go:2747 +0x1ca
net/http.serverHandler.ServeHTTP({0x9d9910?}, {0x9dacb8?, 0xc0000ca380?}, 0x6?)
	/home/oamyay/go/pkg/mod/golang.org/toolchain@v0.0.1-go1.23.3.linux-amd64/src/net/http/server.go:3210 +0x8e
net/http.(*conn).serve(0xc00011c2d0, {0x9db3f8, 0xc0001868a0})
	/home/oamyay/go/pkg/mod/golang.org/toolchain@v0.0.1-go1.23.3.linux-amd64/src/net/http/server.go:2092 +0x5d0
created by net/http.(*Server).Serve in goroutine 1
	/home/oamyay/go/pkg/mod/golang.org/toolchain@v0.0.1-go1.23.3.linux-amd64/src/net/http/server.go:3360 +0x485
2024/12/24 11:56:44 http: panic serving 127.0.0.1:34392: interface conversion: interface {} is nil, not int
goroutine 23 [running]:
net/http.(*conn).serve.func1()
	/home/oamyay/go/pkg/mod/golang.org/toolchain@v0.0.1-go1.23.3.linux-amd64/src/net/http/server.go:1947 +0xbe
panic({0x8cf420?, 0xc000409b30?})
	/home/oamyay/go/pkg/mod/golang.org/toolchain@v0.0.1-go1.23.3.linux-amd64/src/runtime/panic.go:785 +0x132
forum/internal/controller/http1.(*Handler).votePost(0xc0001900a0, {0x9dacb8, 0xc0004180e0}, 0xc000402640)
	/home/oamyay/Desktop/zone_01/go/ForumV2/internal/controller/http1/post.go:97 +0x2f8
forum/internal/controller/http1.(*Handler).InitRoutes.(*Handler).identify.func6({0x9dacb8, 0xc0004180e0}, 0xc0004023c0)
	/home/oamyay/Desktop/zone_01/go/ForumV2/internal/controller/http1/middleware.go:62 +0x3c2
net/http.HandlerFunc.ServeHTTP(0xc000409920?, {0x9dacb8?, 0xc0004180e0?}, 0x938513?)
	/home/oamyay/go/pkg/mod/golang.org/toolchain@v0.0.1-go1.23.3.linux-amd64/src/net/http/server.go:2220 +0x29
forum/internal/controller/http1.(*Handler).InitRoutes.(*Handler).corsMiddleWare.func7({0x9dacb8, 0xc0004180e0}, 0xc0004023c0)
	/home/oamyay/Desktop/zone_01/go/ForumV2/internal/controller/http1/middleware.go:21 +0x13f
net/http.HandlerFunc.ServeHTTP(0x8c72e0?, {0x9dacb8?, 0xc0004180e0?}, 0xf?)
	/home/oamyay/go/pkg/mod/golang.org/toolchain@v0.0.1-go1.23.3.linux-amd64/src/net/http/server.go:2220 +0x29
forum/internal/controller/http1.(*Handler).InitRoutes.(*RateLimiter).Limiter.func8({0x9dacb8, 0xc0004180e0}, 0xc0004023c0)
	/home/oamyay/Desktop/zone_01/go/ForumV2/internal/controller/http1/rateLimiter.go:69 +0x232
net/http.HandlerFunc.ServeHTTP(0xc000196000?, {0x9dacb8?, 0xc0004180e0?}, 0x0?)
	/home/oamyay/go/pkg/mod/golang.org/toolchain@v0.0.1-go1.23.3.linux-amd64/src/net/http/server.go:2220 +0x29
net/http.(*ServeMux).ServeHTTP(0x413c45?, {0x9dacb8, 0xc0004180e0}, 0xc0004023c0)
	/home/oamyay/go/pkg/mod/golang.org/toolchain@v0.0.1-go1.23.3.linux-amd64/src/net/http/server.go:2747 +0x1ca
net/http.serverHandler.ServeHTTP({0x9d9910?}, {0x9dacb8?, 0xc0004180e0?}, 0x6?)
	/home/oamyay/go/pkg/mod/golang.org/toolchain@v0.0.1-go1.23.3.linux-amd64/src/net/http/server.go:3210 +0x8e
net/http.(*conn).serve(0xc00018a750, {0x9db3f8, 0xc0001868a0})
	/home/oamyay/go/pkg/mod/golang.org/toolchain@v0.0.1-go1.23.3.linux-amd64/src/net/http/server.go:2092 +0x5d0
created by net/http.(*Server).Serve in goroutine 1
	/home/oamyay/go/pkg/mod/golang.org/toolchain@v0.0.1-go1.23.3.linux-amd64/src/net/http/server.go:3360 +0x485
2024/12/24 11:56:44 http: panic serving 127.0.0.1:34364: interface conversion: interface {} is nil, not int
goroutine 18 [running]:
net/http.(*conn).serve.func1()
	/home/oamyay/go/pkg/mod/golang.org/toolchain@v0.0.1-go1.23.3.linux-amd64/src/net/http/server.go:1947 +0xbe
panic({0x8cf420?, 0xc000409da0?})
	/home/oamyay/go/pkg/mod/golang.org/toolchain@v0.0.1-go1.23.3.linux-amd64/src/runtime/panic.go:785 +0x132
forum/internal/controller/http1.(*Handler).votePost(0xc0001900a0, {0x9dacb8, 0xc0004181c0}, 0xc000402a00)
	/home/oamyay/Desktop/zone_01/go/ForumV2/internal/controller/http1/post.go:97 +0x2f8
forum/internal/controller/http1.(*Handler).InitRoutes.(*Handler).identify.func6({0x9dacb8, 0xc0004181c0}, 0xc000402780)
	/home/oamyay/Desktop/zone_01/go/ForumV2/internal/controller/http1/middleware.go:62 +0x3c2
net/http.HandlerFunc.ServeHTTP(0xc000409b90?, {0x9dacb8?, 0xc0004181c0?}, 0x938513?)
	/home/oamyay/go/pkg/mod/golang.org/toolchain@v0.0.1-go1.23.3.linux-amd64/src/net/http/server.go:2220 +0x29
forum/internal/controller/http1.(*Handler).InitRoutes.(*Handler).corsMiddleWare.func7({0x9dacb8, 0xc0004181c0}, 0xc000402780)
	/home/oamyay/Desktop/zone_01/go/ForumV2/internal/controller/http1/middleware.go:21 +0x13f
net/http.HandlerFunc.ServeHTTP(0x8c72e0?, {0x9dacb8?, 0xc0004181c0?}, 0xf?)
	/home/oamyay/go/pkg/mod/golang.org/toolchain@v0.0.1-go1.23.3.linux-amd64/src/net/http/server.go:2220 +0x29
forum/internal/controller/http1.(*Handler).InitRoutes.(*RateLimiter).Limiter.func8({0x9dacb8, 0xc0004181c0}, 0xc000402780)
	/home/oamyay/Desktop/zone_01/go/ForumV2/internal/controller/http1/rateLimiter.go:69 +0x232
net/http.HandlerFunc.ServeHTTP(0xc000196000?, {0x9dacb8?, 0xc0004181c0?}, 0x0?)
	/home/oamyay/go/pkg/mod/golang.org/toolchain@v0.0.1-go1.23.3.linux-amd64/src/net/http/server.go:2220 +0x29
net/http.(*ServeMux).ServeHTTP(0x413c45?, {0x9dacb8, 0xc0004181c0}, 0xc000402780)
	/home/oamyay/go/pkg/mod/golang.org/toolchain@v0.0.1-go1.23.3.linux-amd64/src/net/http/server.go:2747 +0x1ca
net/http.serverHandler.ServeHTTP({0x9d9910?}, {0x9dacb8?, 0xc0004181c0?}, 0x6?)
	/home/oamyay/go/pkg/mod/golang.org/toolchain@v0.0.1-go1.23.3.linux-amd64/src/net/http/server.go:3210 +0x8e
net/http.(*conn).serve(0xc00018a1b0, {0x9db3f8, 0xc0001868a0})
	/home/oamyay/go/pkg/mod/golang.org/toolchain@v0.0.1-go1.23.3.linux-amd64/src/net/http/server.go:2092 +0x5d0
created by net/http.(*Server).Serve in goroutine 1
	/home/oamyay/go/pkg/mod/golang.org/toolchain@v0.0.1-go1.23.3.linux-amd64/src/net/http/server.go:3360 +0x485
2024/12/24 11:56:44 http: panic serving 127.0.0.1:34396: interface conversion: interface {} is nil, not int
goroutine 35 [running]:
net/http.(*conn).serve.func1()
	/home/oamyay/go/pkg/mod/golang.org/toolchain@v0.0.1-go1.23.3.linux-amd64/src/net/http/server.go:1947 +0xbe
panic({0x8cf420?, 0xc0005140f0?})
	/home/oamyay/go/pkg/mod/golang.org/toolchain@v0.0.1-go1.23.3.linux-amd64/src/runtime/panic.go:785 +0x132
forum/internal/controller/http1.(*Handler).votePost(0xc0001900a0, {0x9dacb8, 0xc0004182a0}, 0xc000402dc0)
	/home/oamyay/Desktop/zone_01/go/ForumV2/internal/controller/http1/post.go:97 +0x2f8
forum/internal/controller/http1.(*Handler).InitRoutes.(*Handler).identify.func6({0x9dacb8, 0xc0004182a0}, 0xc000402b40)
	/home/oamyay/Desktop/zone_01/go/ForumV2/internal/controller/http1/middleware.go:62 +0x3c2
net/http.HandlerFunc.ServeHTTP(0xc000409e60?, {0x9dacb8?, 0xc0004182a0?}, 0x938513?)
	/home/oamyay/go/pkg/mod/golang.org/toolchain@v0.0.1-go1.23.3.linux-amd64/src/net/http/server.go:2220 +0x29
forum/internal/controller/http1.(*Handler).InitRoutes.(*Handler).corsMiddleWare.func7({0x9dacb8, 0xc0004182a0}, 0xc000402b40)
	/home/oamyay/Desktop/zone_01/go/ForumV2/internal/controller/http1/middleware.go:21 +0x13f
net/http.HandlerFunc.ServeHTTP(0x8c72e0?, {0x9dacb8?, 0xc0004182a0?}, 0xf?)
	/home/oamyay/go/pkg/mod/golang.org/toolchain@v0.0.1-go1.23.3.linux-amd64/src/net/http/server.go:2220 +0x29
forum/internal/controller/http1.(*Handler).InitRoutes.(*RateLimiter).Limiter.func8({0x9dacb8, 0xc0004182a0}, 0xc000402b40)
	/home/oamyay/Desktop/zone_01/go/ForumV2/internal/controller/http1/rateLimiter.go:69 +0x232
net/http.HandlerFunc.ServeHTTP(0xc000196000?, {0x9dacb8?, 0xc0004182a0?}, 0x0?)
	/home/oamyay/go/pkg/mod/golang.org/toolchain@v0.0.1-go1.23.3.linux-amd64/src/net/http/server.go:2220 +0x29
net/http.(*ServeMux).ServeHTTP(0x413c45?, {0x9dacb8, 0xc0004182a0}, 0xc000402b40)
	/home/oamyay/go/pkg/mod/golang.org/toolchain@v0.0.1-go1.23.3.linux-amd64/src/net/http/server.go:2747 +0x1ca
net/http.serverHandler.ServeHTTP({0x9d9910?}, {0x9dacb8?, 0xc0004182a0?}, 0x6?)
	/home/oamyay/go/pkg/mod/golang.org/toolchain@v0.0.1-go1.23.3.linux-amd64/src/net/http/server.go:3210 +0x8e
net/http.(*conn).serve(0xc00011c090, {0x9db3f8, 0xc0001868a0})
	/home/oamyay/go/pkg/mod/golang.org/toolchain@v0.0.1-go1.23.3.linux-amd64/src/net/http/server.go:2092 +0x5d0
created by net/http.(*Server).Serve in goroutine 1
	/home/oamyay/go/pkg/mod/golang.org/toolchain@v0.0.1-go1.23.3.linux-amd64/src/net/http/server.go:3360 +0x485
2024/12/24 11:56:44 http: panic serving 127.0.0.1:34408: interface conversion: interface {} is nil, not int
goroutine 37 [running]:
net/http.(*conn).serve.func1()
	/home/oamyay/go/pkg/mod/golang.org/toolchain@v0.0.1-go1.23.3.linux-amd64/src/net/http/server.go:1947 +0xbe
panic({0x8cf420?, 0xc000514360?})
	/home/oamyay/go/pkg/mod/golang.org/toolchain@v0.0.1-go1.23.3.linux-amd64/src/runtime/panic.go:785 +0x132
forum/internal/controller/http1.(*Handler).votePost(0xc0001900a0, {0x9dacb8, 0xc000418380}, 0xc000403180)
	/home/oamyay/Desktop/zone_01/go/ForumV2/internal/controller/http1/post.go:97 +0x2f8
forum/internal/controller/http1.(*Handler).InitRoutes.(*Handler).identify.func6({0x9dacb8, 0xc000418380}, 0xc000402f00)
	/home/oamyay/Desktop/zone_01/go/ForumV2/internal/controller/http1/middleware.go:62 +0x3c2
net/http.HandlerFunc.ServeHTTP(0xc000514150?, {0x9dacb8?, 0xc000418380?}, 0x938513?)
	/home/oamyay/go/pkg/mod/golang.org/toolchain@v0.0.1-go1.23.3.linux-amd64/src/net/http/server.go:2220 +0x29
forum/internal/controller/http1.(*Handler).InitRoutes.(*Handler).corsMiddleWare.func7({0x9dacb8, 0xc000418380}, 0xc000402f00)
	/home/oamyay/Desktop/zone_01/go/ForumV2/internal/controller/http1/middleware.go:21 +0x13f
net/http.HandlerFunc.ServeHTTP(0x8c72e0?, {0x9dacb8?, 0xc000418380?}, 0xf?)
	/home/oamyay/go/pkg/mod/golang.org/toolchain@v0.0.1-go1.23.3.linux-amd64/src/net/http/server.go:2220 +0x29
forum/internal/controller/http1.(*Handler).InitRoutes.(*RateLimiter).Limiter.func8({0x9dacb8, 0xc000418380}, 0xc000402f00)
	/home/oamyay/Desktop/zone_01/go/ForumV2/internal/controller/http1/rateLimiter.go:69 +0x232
net/http.HandlerFunc.ServeHTTP(0xc000196000?, {0x9dacb8?, 0xc000418380?}, 0x1?)
	/home/oamyay/go/pkg/mod/golang.org/toolchain@v0.0.1-go1.23.3.linux-amd64/src/net/http/server.go:2220 +0x29
net/http.(*ServeMux).ServeHTTP(0x413c45?, {0x9dacb8, 0xc000418380}, 0xc000402f00)
	/home/oamyay/go/pkg/mod/golang.org/toolchain@v0.0.1-go1.23.3.linux-amd64/src/net/http/server.go:2747 +0x1ca
net/http.serverHandler.ServeHTTP({0x9d9910?}, {0x9dacb8?, 0xc000418380?}, 0x6?)
	/home/oamyay/go/pkg/mod/golang.org/toolchain@v0.0.1-go1.23.3.linux-amd64/src/net/http/server.go:3210 +0x8e
net/http.(*conn).serve(0xc00011c240, {0x9db3f8, 0xc0001868a0})
	/home/oamyay/go/pkg/mod/golang.org/toolchain@v0.0.1-go1.23.3.linux-amd64/src/net/http/server.go:2092 +0x5d0
created by net/http.(*Server).Serve in goroutine 1
	/home/oamyay/go/pkg/mod/golang.org/toolchain@v0.0.1-go1.23.3.linux-amd64/src/net/http/server.go:3360 +0x485
2024/12/24 11:56:44 http: panic serving 127.0.0.1:34380: interface conversion: interface {} is nil, not int
goroutine 34 [running]:
net/http.(*conn).serve.func1()
	/home/oamyay/go/pkg/mod/golang.org/toolchain@v0.0.1-go1.23.3.linux-amd64/src/net/http/server.go:1947 +0xbe
panic({0x8cf420?, 0xc0005145d0?})
	/home/oamyay/go/pkg/mod/golang.org/toolchain@v0.0.1-go1.23.3.linux-amd64/src/runtime/panic.go:785 +0x132
forum/internal/controller/http1.(*Handler).votePost(0xc0001900a0, {0x9dacb8, 0xc000418460}, 0xc000403540)
	/home/oamyay/Desktop/zone_01/go/ForumV2/internal/controller/http1/post.go:97 +0x2f8
forum/internal/controller/http1.(*Handler).InitRoutes.(*Handler).identify.func6({0x9dacb8, 0xc000418460}, 0xc0004032c0)
	/home/oamyay/Desktop/zone_01/go/ForumV2/internal/controller/http1/middleware.go:62 +0x3c2
net/http.HandlerFunc.ServeHTTP(0xc0005143c0?, {0x9dacb8?, 0xc000418460?}, 0x938513?)
	/home/oamyay/go/pkg/mod/golang.org/toolchain@v0.0.1-go1.23.3.linux-amd64/src/net/http/server.go:2220 +0x29
forum/internal/controller/http1.(*Handler).InitRoutes.(*Handler).corsMiddleWare.func7({0x9dacb8, 0xc000418460}, 0xc0004032c0)
	/home/oamyay/Desktop/zone_01/go/ForumV2/internal/controller/http1/middleware.go:21 +0x13f
net/http.HandlerFunc.ServeHTTP(0x8c72e0?, {0x9dacb8?, 0xc000418460?}, 0xf?)
	/home/oamyay/go/pkg/mod/golang.org/toolchain@v0.0.1-go1.23.3.linux-amd64/src/net/http/server.go:2220 +0x29
forum/internal/controller/http1.(*Handler).InitRoutes.(*RateLimiter).Limiter.func8({0x9dacb8, 0xc000418460}, 0xc0004032c0)
	/home/oamyay/Desktop/zone_01/go/ForumV2/internal/controller/http1/rateLimiter.go:69 +0x232
net/http.HandlerFunc.ServeHTTP(0xc000196000?, {0x9dacb8?, 0xc000418460?}, 0x1?)
	/home/oamyay/go/pkg/mod/golang.org/toolchain@v0.0.1-go1.23.3.linux-amd64/src/net/http/server.go:2220 +0x29
net/http.(*ServeMux).ServeHTTP(0x413c45?, {0x9dacb8, 0xc000418460}, 0xc0004032c0)
	/home/oamyay/go/pkg/mod/golang.org/toolchain@v0.0.1-go1.23.3.linux-amd64/src/net/http/server.go:2747 +0x1ca
net/http.serverHandler.ServeHTTP({0x9d9910?}, {0x9dacb8?, 0xc000418460?}, 0x6?)
	/home/oamyay/go/pkg/mod/golang.org/toolchain@v0.0.1-go1.23.3.linux-amd64/src/net/http/server.go:3210 +0x8e
net/http.(*conn).serve(0xc00011c000, {0x9db3f8, 0xc0001868a0})
	/home/oamyay/go/pkg/mod/golang.org/toolchain@v0.0.1-go1.23.3.linux-amd64/src/net/http/server.go:2092 +0x5d0
created by net/http.(*Server).Serve in goroutine 1
	/home/oamyay/go/pkg/mod/golang.org/toolchain@v0.0.1-go1.23.3.linux-amd64/src/net/http/server.go:3360 +0x485
2024/12/24 11:56:44 http: panic serving 127.0.0.1:34420: interface conversion: interface {} is nil, not int
goroutine 194 [running]:
net/http.(*conn).serve.func1()
	/home/oamyay/go/pkg/mod/golang.org/toolchain@v0.0.1-go1.23.3.linux-amd64/src/net/http/server.go:1947 +0xbe
panic({0x8cf420?, 0xc000187dd0?})
	/home/oamyay/go/pkg/mod/golang.org/toolchain@v0.0.1-go1.23.3.linux-amd64/src/runtime/panic.go:785 +0x132
forum/internal/controller/http1.(*Handler).votePost(0xc0001900a0, {0x9dacb8, 0xc0001968c0}, 0xc0001cd680)
	/home/oamyay/Desktop/zone_01/go/ForumV2/internal/controller/http1/post.go:97 +0x2f8
forum/internal/controller/http1.(*Handler).InitRoutes.(*Handler).identify.func6({0x9dacb8, 0xc0001968c0}, 0xc0001cd400)
	/home/oamyay/Desktop/zone_01/go/ForumV2/internal/controller/http1/middleware.go:62 +0x3c2
net/http.HandlerFunc.ServeHTTP(0xc000187bc0?, {0x9dacb8?, 0xc0001968c0?}, 0x938513?)
	/home/oamyay/go/pkg/mod/golang.org/toolchain@v0.0.1-go1.23.3.linux-amd64/src/net/http/server.go:2220 +0x29
forum/internal/controller/http1.(*Handler).InitRoutes.(*Handler).corsMiddleWare.func7({0x9dacb8, 0xc0001968c0}, 0xc0001cd400)
	/home/oamyay/Desktop/zone_01/go/ForumV2/internal/controller/http1/middleware.go:21 +0x13f
net/http.HandlerFunc.ServeHTTP(0x8c72e0?, {0x9dacb8?, 0xc0001968c0?}, 0xf?)
	/home/oamyay/go/pkg/mod/golang.org/toolchain@v0.0.1-go1.23.3.linux-amd64/src/net/http/server.go:2220 +0x29
forum/internal/controller/http1.(*Handler).InitRoutes.(*RateLimiter).Limiter.func8({0x9dacb8, 0xc0001968c0}, 0xc0001cd400)
	/home/oamyay/Desktop/zone_01/go/ForumV2/internal/controller/http1/rateLimiter.go:69 +0x232
net/http.HandlerFunc.ServeHTTP(0xc000196000?, {0x9dacb8?, 0xc0001968c0?}, 0x0?)
	/home/oamyay/go/pkg/mod/golang.org/toolchain@v0.0.1-go1.23.3.linux-amd64/src/net/http/server.go:2220 +0x29
net/http.(*ServeMux).ServeHTTP(0x413c45?, {0x9dacb8, 0xc0001968c0}, 0xc0001cd400)
	/home/oamyay/go/pkg/mod/golang.org/toolchain@v0.0.1-go1.23.3.linux-amd64/src/net/http/server.go:2747 +0x1ca
net/http.serverHandler.ServeHTTP({0x9d9910?}, {0x9dacb8?, 0xc0001968c0?}, 0x6?)
	/home/oamyay/go/pkg/mod/golang.org/toolchain@v0.0.1-go1.23.3.linux-amd64/src/net/http/server.go:3210 +0x8e
net/http.(*conn).serve(0xc000526480, {0x9db3f8, 0xc0001868a0})
	/home/oamyay/go/pkg/mod/golang.org/toolchain@v0.0.1-go1.23.3.linux-amd64/src/net/http/server.go:2092 +0x5d0
created by net/http.(*Server).Serve in goroutine 1
	/home/oamyay/go/pkg/mod/golang.org/toolchain@v0.0.1-go1.23.3.linux-amd64/src/net/http/server.go:3360 +0x485
2024/12/24 11:58:12 [32mServer is running...🚀
Link: 🌐 http://0.0.0.0:3030
2024/12/24 11:59:52 2024/12/24 11:59:52 HTTP/1.1 [GET]	0.0.0.0:3030/api/posts/Programming%20Languages?limit=20&offset=0 - 204 - No Content
2024/12/24 11:59:52 no posts found for category: Programming Languages
2024/12/24 11:59:52 http: superfluous response.WriteHeader call from forum/internal/controller/http1.(*Handler).errorHandler (errorHandler.go:24)
2024/12/24 11:59:52 2024/12/24 11:59:52 HTTP/1.1 [GET]	0.0.0.0:3030/api/posts/Software%20Engineering?limit=20&offset=0 - 204 - No Content
2024/12/24 11:59:52 no posts found for category: Software Engineering
2024/12/24 11:59:52 http: superfluous response.WriteHeader call from forum/internal/controller/http1.(*Handler).errorHandler (errorHandler.go:24)
2024/12/24 11:59:53 2024/12/24 11:59:53 HTTP/1.1 [GET]	0.0.0.0:3030/api/posts/Database%20Technologies?limit=20&offset=0 - 204 - No Content
2024/12/24 11:59:53 no posts found for category: Database Technologies
2024/12/24 11:59:53 http: superfluous response.WriteHeader call from forum/internal/controller/http1.(*Handler).errorHandler (errorHandler.go:24)
<<<<<<< HEAD
2024/12/24 12:29:37 [32mServer is running...🚀
Link: 🌐 http://0.0.0.0:3030
2024/12/24 12:38:07 2024/12/24 12:38:07 HTTP/1.1 [POST]	10.1.13.10:3030/api/signup - 400 - Bad Request
2024/12/24 12:38:07 bad request: password must have at least oneupper casecharacter
2024/12/24 12:38:24 [32mServer is running...🚀
Link: 🌐 http://0.0.0.0:3030
2024/12/24 12:39:21 2024/12/24 12:39:21 HTTP/1.1 [GET]	0.0.0.0:3030/api/posts/General?limit=20&offset=120 - 204 - No Content
2024/12/24 12:39:21 no posts found for category: General
2024/12/24 12:39:21 http: superfluous response.WriteHeader call from forum/internal/controller/http1.(*Handler).errorHandler (errorHandler.go:24)
2024/12/24 12:39:51 2024/12/24 12:39:51 HTTP/1.1 [POST]	0.0.0.0:3030/api/signin - 400 - Bad Request
2024/12/24 12:39:51 invalid password
2024/12/24 16:07:13 [32mServer is running...🚀
Link: 🌐 http://0.0.0.0:3030
2024/12/24 16:07:32 2024/12/24 16:07:32 HTTP/1.1 [GET]	0.0.0.0:3030/api/posts/Database%20Technologies?limit=20&offset=0 - 204 - No Content
2024/12/24 16:07:32 no posts found for category: Database Technologies
2024/12/24 16:07:32 http: superfluous response.WriteHeader call from forum/internal/controller/http1.(*Handler).errorHandler (errorHandler.go:24)
2024/12/24 16:07:37 2024/12/24 16:07:37 HTTP/1.1 [GET]	0.0.0.0:3030/api/posts/General?limit=20&offset=120 - 204 - No Content
2024/12/24 16:07:37 no posts found for category: General
2024/12/24 16:07:37 http: superfluous response.WriteHeader call from forum/internal/controller/http1.(*Handler).errorHandler (errorHandler.go:24)
2024/12/24 16:12:07 [32mServer is running...🚀
Link: 🌐 http://0.0.0.0:3030
2024/12/24 16:14:59 [32mServer is running...🚀
Link: 🌐 http://0.0.0.0:3030
2024/12/24 16:15:21 [32mServer is running...🚀
Link: 🌐 http://0.0.0.0:9090
2024/12/24 16:16:12 2024/12/24 16:16:12 HTTP/1.1 [POST]	0.0.0.0:9090/api/signin - 400 - Bad Request
2024/12/24 16:16:12 invalid email or password
2024/12/24 16:22:48 [32mServer is running...🚀
Link: 🌐 http://0.0.0.0:9090
2024/12/24 16:40:49 [32mServer is running...🚀
Link: 🌐 http://0.0.0.0:9080
2024/12/24 16:41:06 2024/12/24 16:41:06 HTTP/1.1 [GET]	0.0.0.0:9080/api/posts/General?limit=20&offset=120 - 204 - No Content
2024/12/24 16:41:06 no posts found for category: General
2024/12/24 16:41:06 http: superfluous response.WriteHeader call from forum/internal/controller/http1.(*Handler).errorHandler (errorHandler.go:24)
2024/12/24 16:41:36 2024/12/24 16:41:36 HTTP/1.1 [GET]	0.0.0.0:9080/api/posts/General?limit=20&offset=120 - 204 - No Content
2024/12/24 16:41:36 no posts found for category: General
2024/12/24 16:41:36 http: superfluous response.WriteHeader call from forum/internal/controller/http1.(*Handler).errorHandler (errorHandler.go:24)
2024/12/24 16:41:45 2024/12/24 16:41:45 HTTP/1.1 [GET]	0.0.0.0:9080/api/posts/General?limit=20&offset=120 - 204 - No Content
2024/12/24 16:41:45 no posts found for category: General
2024/12/24 16:41:45 http: superfluous response.WriteHeader call from forum/internal/controller/http1.(*Handler).errorHandler (errorHandler.go:24)
2024/12/24 16:42:14 [32mServer is running...🚀
Link: 🌐 http://0.0.0.0:9080
2024/12/24 16:42:20 2024/12/24 16:42:20 HTTP/1.1 [GET]	0.0.0.0:9080/api/posts/General?limit=20&offset=120 - 204 - No Content
2024/12/24 16:42:20 no posts found for category: General
2024/12/24 16:42:20 http: superfluous response.WriteHeader call from forum/internal/controller/http1.(*Handler).errorHandler (errorHandler.go:24)
2024/12/24 16:42:29 2024/12/24 16:42:29 HTTP/1.1 [GET]	0.0.0.0:9080/api/posts/General?limit=20&offset=120 - 204 - No Content
2024/12/24 16:42:29 no posts found for category: General
2024/12/24 16:42:29 http: superfluous response.WriteHeader call from forum/internal/controller/http1.(*Handler).errorHandler (errorHandler.go:24)
2024/12/24 16:44:51 2024/12/24 16:44:51 HTTP/1.1 [GET]	0.0.0.0:9080/api/posts/General?limit=20&offset=120 - 204 - No Content
2024/12/24 16:44:51 no posts found for category: General
2024/12/24 16:44:51 http: superfluous response.WriteHeader call from forum/internal/controller/http1.(*Handler).errorHandler (errorHandler.go:24)
2024/12/24 16:45:26 2024/12/24 16:45:26 HTTP/1.1 [GET]	0.0.0.0:9080/api/posts/General?limit=20&offset=120 - 204 - No Content
2024/12/24 16:45:26 no posts found for category: General
2024/12/24 16:45:26 http: superfluous response.WriteHeader call from forum/internal/controller/http1.(*Handler).errorHandler (errorHandler.go:24)
2024/12/24 16:45:42 2024/12/24 16:45:42 HTTP/1.1 [GET]	0.0.0.0:9080/api/posts/General?limit=20&offset=120 - 204 - No Content
2024/12/24 16:45:42 no posts found for category: General
2024/12/24 16:45:42 http: superfluous response.WriteHeader call from forum/internal/controller/http1.(*Handler).errorHandler (errorHandler.go:24)
2024/12/24 16:46:12 2024/12/24 16:46:12 HTTP/1.1 [GET]	0.0.0.0:9080/api/posts/General?limit=20&offset=120 - 204 - No Content
2024/12/24 16:46:12 no posts found for category: General
2024/12/24 16:46:12 http: superfluous response.WriteHeader call from forum/internal/controller/http1.(*Handler).errorHandler (errorHandler.go:24)
2024/12/24 16:46:35 2024/12/24 16:46:35 HTTP/1.1 [GET]	0.0.0.0:9080/api/posts/General?limit=20&offset=120 - 204 - No Content
2024/12/24 16:46:35 no posts found for category: General
2024/12/24 16:46:35 http: superfluous response.WriteHeader call from forum/internal/controller/http1.(*Handler).errorHandler (errorHandler.go:24)
2024/12/24 16:47:16 2024/12/24 16:47:16 HTTP/1.1 [GET]	0.0.0.0:9080/api/posts/General?limit=20&offset=120 - 204 - No Content
2024/12/24 16:47:16 no posts found for category: General
2024/12/24 16:47:16 http: superfluous response.WriteHeader call from forum/internal/controller/http1.(*Handler).errorHandler (errorHandler.go:24)
2024/12/24 16:47:33 2024/12/24 16:47:33 HTTP/1.1 [GET]	0.0.0.0:9080/api/posts/General?limit=20&offset=120 - 204 - No Content
2024/12/24 16:47:33 no posts found for category: General
2024/12/24 16:47:33 http: superfluous response.WriteHeader call from forum/internal/controller/http1.(*Handler).errorHandler (errorHandler.go:24)
2024/12/24 16:49:14 2024/12/24 16:49:14 HTTP/1.1 [GET]	0.0.0.0:9080/api/posts/General?limit=20&offset=120 - 204 - No Content
2024/12/24 16:49:14 no posts found for category: General
2024/12/24 16:49:14 http: superfluous response.WriteHeader call from forum/internal/controller/http1.(*Handler).errorHandler (errorHandler.go:24)
2024/12/24 16:50:39 2024/12/24 16:50:39 HTTP/1.1 [GET]	0.0.0.0:9080/api/posts/General?limit=20&offset=120 - 204 - No Content
2024/12/24 16:50:39 no posts found for category: General
2024/12/24 16:50:39 http: superfluous response.WriteHeader call from forum/internal/controller/http1.(*Handler).errorHandler (errorHandler.go:24)
2024/12/24 16:52:34 2024/12/24 16:52:34 HTTP/1.1 [GET]	0.0.0.0:9080/api/posts/General?limit=20&offset=120 - 204 - No Content
2024/12/24 16:52:34 no posts found for category: General
2024/12/24 16:52:34 http: superfluous response.WriteHeader call from forum/internal/controller/http1.(*Handler).errorHandler (errorHandler.go:24)
2024/12/24 16:53:49 2024/12/24 16:53:49 HTTP/1.1 [GET]	0.0.0.0:9080/api/posts/General?limit=20&offset=120 - 204 - No Content
2024/12/24 16:53:49 no posts found for category: General
2024/12/24 16:53:49 http: superfluous response.WriteHeader call from forum/internal/controller/http1.(*Handler).errorHandler (errorHandler.go:24)
2024/12/24 16:57:54 2024/12/24 16:57:54 HTTP/1.1 [GET]	0.0.0.0:9080/api/posts/General?limit=20&offset=120 - 204 - No Content
2024/12/24 16:57:54 no posts found for category: General
2024/12/24 16:57:54 http: superfluous response.WriteHeader call from forum/internal/controller/http1.(*Handler).errorHandler (errorHandler.go:24)
2024/12/24 16:58:53 2024/12/24 16:58:53 HTTP/1.1 [GET]	0.0.0.0:9080/api/posts/General?limit=20&offset=120 - 204 - No Content
2024/12/24 16:58:53 no posts found for category: General
2024/12/24 16:58:53 http: superfluous response.WriteHeader call from forum/internal/controller/http1.(*Handler).errorHandler (errorHandler.go:24)
2024/12/24 16:59:58 2024/12/24 16:59:58 HTTP/1.1 [GET]	0.0.0.0:9080/api/posts/General?limit=20&offset=120 - 204 - No Content
2024/12/24 16:59:58 no posts found for category: General
2024/12/24 16:59:58 http: superfluous response.WriteHeader call from forum/internal/controller/http1.(*Handler).errorHandler (errorHandler.go:24)
2024/12/24 17:00:09 2024/12/24 17:00:09 HTTP/1.1 [GET]	0.0.0.0:9080/api/posts/General?limit=20&offset=120 - 204 - No Content
2024/12/24 17:00:09 no posts found for category: General
2024/12/24 17:00:09 http: superfluous response.WriteHeader call from forum/internal/controller/http1.(*Handler).errorHandler (errorHandler.go:24)
2024/12/24 17:01:01 2024/12/24 17:01:01 HTTP/1.1 [GET]	0.0.0.0:9080/api/posts/General?limit=20&offset=120 - 204 - No Content
2024/12/24 17:01:01 no posts found for category: General
2024/12/24 17:01:01 http: superfluous response.WriteHeader call from forum/internal/controller/http1.(*Handler).errorHandler (errorHandler.go:24)
2024/12/24 17:01:34 2024/12/24 17:01:34 HTTP/1.1 [GET]	0.0.0.0:9080/api/posts/General?limit=20&offset=120 - 204 - No Content
2024/12/24 17:01:34 no posts found for category: General
2024/12/24 17:01:34 http: superfluous response.WriteHeader call from forum/internal/controller/http1.(*Handler).errorHandler (errorHandler.go:24)
2024/12/24 17:01:48 2024/12/24 17:01:48 HTTP/1.1 [GET]	0.0.0.0:9080/api/posts/General?limit=20&offset=120 - 204 - No Content
2024/12/24 17:01:48 no posts found for category: General
2024/12/24 17:01:48 http: superfluous response.WriteHeader call from forum/internal/controller/http1.(*Handler).errorHandler (errorHandler.go:24)
2024/12/24 17:02:04 2024/12/24 17:02:04 HTTP/1.1 [GET]	0.0.0.0:9080/api/posts/General?limit=20&offset=120 - 204 - No Content
2024/12/24 17:02:04 no posts found for category: General
2024/12/24 17:02:04 http: superfluous response.WriteHeader call from forum/internal/controller/http1.(*Handler).errorHandler (errorHandler.go:24)
2024/12/24 17:02:08 2024/12/24 17:02:08 HTTP/1.1 [GET]	0.0.0.0:9080/api/posts/General?limit=20&offset=120 - 204 - No Content
2024/12/24 17:02:08 no posts found for category: General
2024/12/24 17:02:08 http: superfluous response.WriteHeader call from forum/internal/controller/http1.(*Handler).errorHandler (errorHandler.go:24)
2024/12/24 17:10:06 2024/12/24 17:10:06 HTTP/1.1 [GET]	0.0.0.0:9080/api/posts/General?limit=20&offset=120 - 204 - No Content
2024/12/24 17:10:06 no posts found for category: General
2024/12/24 17:10:06 http: superfluous response.WriteHeader call from forum/internal/controller/http1.(*Handler).errorHandler (errorHandler.go:24)
2024/12/24 17:13:59 2024/12/24 17:13:59 HTTP/1.1 [GET]	0.0.0.0:9080/api/posts/General?limit=20&offset=120 - 204 - No Content
2024/12/24 17:13:59 no posts found for category: General
2024/12/24 17:13:59 http: superfluous response.WriteHeader call from forum/internal/controller/http1.(*Handler).errorHandler (errorHandler.go:24)
2024/12/24 17:20:10 [32mServer is running...🚀
Link: 🌐 http://0.0.0.0:9080
2024/12/24 17:20:17 2024/12/24 17:20:17 HTTP/1.1 [GET]	0.0.0.0:9080/api/posts/General?limit=20&offset=120 - 204 - No Content
2024/12/24 17:20:17 no posts found for category: General
2024/12/24 17:20:17 http: superfluous response.WriteHeader call from forum/internal/controller/http1.(*Handler).errorHandler (errorHandler.go:24)
2024/12/24 17:20:58 2024/12/24 17:20:58 HTTP/1.1 [GET]	0.0.0.0:9080/api/posts/General?limit=20&offset=120 - 204 - No Content
2024/12/24 17:20:58 no posts found for category: General
2024/12/24 17:20:58 http: superfluous response.WriteHeader call from forum/internal/controller/http1.(*Handler).errorHandler (errorHandler.go:24)
2024/12/24 17:21:07 2024/12/24 17:21:07 HTTP/1.1 [GET]	0.0.0.0:9080/api/posts/General?limit=20&offset=120 - 204 - No Content
2024/12/24 17:21:07 no posts found for category: General
2024/12/24 17:21:07 http: superfluous response.WriteHeader call from forum/internal/controller/http1.(*Handler).errorHandler (errorHandler.go:24)
2024/12/24 17:25:25 2024/12/24 17:25:25 HTTP/1.1 [GET]	0.0.0.0:9080/api/posts/General?limit=20&offset=120 - 204 - No Content
2024/12/24 17:25:25 no posts found for category: General
2024/12/24 17:25:25 http: superfluous response.WriteHeader call from forum/internal/controller/http1.(*Handler).errorHandler (errorHandler.go:24)
2024/12/24 17:27:54 [32mServer is running...🚀
Link: 🌐 http://0.0.0.0:9080
2024/12/24 17:28:03 [32mServer is running...🚀
Link: 🌐 http://0.0.0.0:9090
2024/12/24 17:32:04 2024/12/24 17:32:04 HTTP/1.1 [GET]	0.0.0.0:9090/api/posts/General?limit=20&offset=120 - 204 - No Content
2024/12/24 17:32:04 no posts found for category: General
2024/12/24 17:32:04 http: superfluous response.WriteHeader call from forum/internal/controller/http1.(*Handler).errorHandler (errorHandler.go:24)
2024/12/24 17:32:17 2024/12/24 17:32:17 HTTP/1.1 [GET]	0.0.0.0:9090/api/posts/Database%20Technologies?limit=20&offset=0 - 204 - No Content
2024/12/24 17:32:17 no posts found for category: Database Technologies
2024/12/24 17:32:17 http: superfluous response.WriteHeader call from forum/internal/controller/http1.(*Handler).errorHandler (errorHandler.go:24)
2024/12/24 18:00:34 [32mServer is running...🚀
Link: 🌐 http://0.0.0.0:9070
2024/12/24 18:01:37 2024/12/24 18:01:37 HTTP/1.1 [GET]	0.0.0.0:9070/api/posts/General?limit=20&offset=120 - 204 - No Content
2024/12/24 18:01:37 no posts found for category: General
2024/12/24 18:01:37 http: superfluous response.WriteHeader call from forum/internal/controller/http1.(*Handler).errorHandler (errorHandler.go:24)
2024/12/24 18:01:45 2024/12/24 18:01:45 HTTP/1.1 [GET]	0.0.0.0:9070/api/posts/General?limit=20&offset=120 - 204 - No Content
2024/12/24 18:01:45 no posts found for category: General
2024/12/24 18:01:45 http: superfluous response.WriteHeader call from forum/internal/controller/http1.(*Handler).errorHandler (errorHandler.go:24)
2024/12/24 18:03:35 2024/12/24 18:03:35 HTTP/1.1 [GET]	0.0.0.0:9070/api/posts/General?limit=20&offset=120 - 204 - No Content
2024/12/24 18:03:35 no posts found for category: General
2024/12/24 18:03:35 http: superfluous response.WriteHeader call from forum/internal/controller/http1.(*Handler).errorHandler (errorHandler.go:24)
2024/12/24 18:04:06 2024/12/24 18:04:06 HTTP/1.1 [GET]	0.0.0.0:9070/api/posts/General?limit=20&offset=120 - 204 - No Content
2024/12/24 18:04:06 no posts found for category: General
2024/12/24 18:04:06 http: superfluous response.WriteHeader call from forum/internal/controller/http1.(*Handler).errorHandler (errorHandler.go:24)
2024/12/24 18:04:40 2024/12/24 18:04:40 HTTP/1.1 [GET]	0.0.0.0:9070/api/posts/General?limit=20&offset=120 - 204 - No Content
2024/12/24 18:04:40 no posts found for category: General
2024/12/24 18:04:40 http: superfluous response.WriteHeader call from forum/internal/controller/http1.(*Handler).errorHandler (errorHandler.go:24)
2024/12/24 18:05:25 2024/12/24 18:05:25 HTTP/1.1 [GET]	0.0.0.0:9070/api/posts/General?limit=20&offset=120 - 204 - No Content
2024/12/24 18:05:25 no posts found for category: General
2024/12/24 18:05:25 http: superfluous response.WriteHeader call from forum/internal/controller/http1.(*Handler).errorHandler (errorHandler.go:24)
2024/12/24 18:05:56 2024/12/24 18:05:56 HTTP/1.1 [GET]	0.0.0.0:9070/api/posts/General?limit=20&offset=120 - 204 - No Content
2024/12/24 18:05:56 no posts found for category: General
2024/12/24 18:05:56 http: superfluous response.WriteHeader call from forum/internal/controller/http1.(*Handler).errorHandler (errorHandler.go:24)
2024/12/24 18:06:36 2024/12/24 18:06:36 HTTP/1.1 [GET]	0.0.0.0:9070/api/posts/General?limit=20&offset=120 - 204 - No Content
2024/12/24 18:06:36 no posts found for category: General
2024/12/24 18:06:36 http: superfluous response.WriteHeader call from forum/internal/controller/http1.(*Handler).errorHandler (errorHandler.go:24)
2024/12/24 18:07:30 2024/12/24 18:07:30 HTTP/1.1 [GET]	0.0.0.0:9070/api/posts/General?limit=20&offset=120 - 204 - No Content
2024/12/24 18:07:30 no posts found for category: General
2024/12/24 18:07:30 http: superfluous response.WriteHeader call from forum/internal/controller/http1.(*Handler).errorHandler (errorHandler.go:24)
2024/12/24 18:07:56 2024/12/24 18:07:56 HTTP/1.1 [GET]	0.0.0.0:9070/api/posts/General?limit=20&offset=120 - 204 - No Content
2024/12/24 18:07:56 no posts found for category: General
2024/12/24 18:07:56 http: superfluous response.WriteHeader call from forum/internal/controller/http1.(*Handler).errorHandler (errorHandler.go:24)
2024/12/24 18:08:07 2024/12/24 18:08:07 HTTP/1.1 [GET]	0.0.0.0:9070/api/posts/General?limit=20&offset=120 - 204 - No Content
2024/12/24 18:08:07 no posts found for category: General
2024/12/24 18:08:07 http: superfluous response.WriteHeader call from forum/internal/controller/http1.(*Handler).errorHandler (errorHandler.go:24)
2024/12/24 18:08:16 2024/12/24 18:08:16 HTTP/1.1 [GET]	0.0.0.0:9070/api/posts/General?limit=20&offset=120 - 204 - No Content
2024/12/24 18:08:16 no posts found for category: General
2024/12/24 18:08:16 http: superfluous response.WriteHeader call from forum/internal/controller/http1.(*Handler).errorHandler (errorHandler.go:24)
2024/12/24 18:09:15 2024/12/24 18:09:15 HTTP/1.1 [GET]	0.0.0.0:9070/api/posts/General?limit=20&offset=120 - 204 - No Content
2024/12/24 18:09:15 no posts found for category: General
2024/12/24 18:09:15 http: superfluous response.WriteHeader call from forum/internal/controller/http1.(*Handler).errorHandler (errorHandler.go:24)
2024/12/24 18:16:26 2024/12/24 18:16:26 HTTP/1.1 [GET]	0.0.0.0:9070/api/posts/General?limit=20&offset=120 - 204 - No Content
2024/12/24 18:16:26 no posts found for category: General
2024/12/24 18:16:26 http: superfluous response.WriteHeader call from forum/internal/controller/http1.(*Handler).errorHandler (errorHandler.go:24)
2024/12/24 18:25:16 [32mServer is running...🚀
Link: 🌐 http://0.0.0.0:9070
2024/12/24 18:30:29 [32mServer is running...🚀
Link: 🌐 http://0.0.0.0:7070
2024/12/24 18:31:05 2024/12/24 18:31:05 HTTP/1.1 [POST]	0.0.0.0:7070/api/signin - 400 - Bad Request
2024/12/24 18:31:05 invalid email or password
2024/12/24 18:31:17 2024/12/24 18:31:17 HTTP/1.1 [POST]	0.0.0.0:7070/api/signin - 400 - Bad Request
2024/12/24 18:31:17 invalid password
=======
2024/12/24 12:45:53 [32mServer is running...🚀
Link: 🌐 http://0.0.0.0:3030
2024/12/24 13:03:35 [32mServer is running...🚀
Link: 🌐 http://0.0.0.0:3030
2024/12/24 13:05:58 [32mServer is running...🚀
Link: 🌐 http://0.0.0.0:3030
2024/12/24 13:08:26 2024/12/24 13:08:26 HTTP/1.1 [GET]	0.0.0.0:3030/api/posts/General?limit=20&offset=120 - 204 - No Content
2024/12/24 13:08:26 no posts found for category: General
2024/12/24 13:08:26 http: superfluous response.WriteHeader call from forum/internal/controller/http1.(*Handler).errorHandler (errorHandler.go:24)
2024/12/24 14:42:38 2024/12/24 14:42:38 HTTP/1.1 [GET]	0.0.0.0:3030/api/posts/General?limit=20&offset=120 - 204 - No Content
2024/12/24 14:42:38 no posts found for category: General
2024/12/24 14:42:38 http: superfluous response.WriteHeader call from forum/internal/controller/http1.(*Handler).errorHandler (errorHandler.go:24)
2024/12/24 14:43:19 2024/12/24 14:43:19 HTTP/1.1 [GET]	0.0.0.0:3030/api/posts/General?limit=20&offset=120 - 204 - No Content
2024/12/24 14:43:19 no posts found for category: General
2024/12/24 14:43:19 http: superfluous response.WriteHeader call from forum/internal/controller/http1.(*Handler).errorHandler (errorHandler.go:24)
2024/12/24 14:43:28 2024/12/24 14:43:28 HTTP/1.1 [GET]	0.0.0.0:3030/api/posts/General?limit=20&offset=120 - 204 - No Content
2024/12/24 14:43:28 no posts found for category: General
2024/12/24 14:43:28 http: superfluous response.WriteHeader call from forum/internal/controller/http1.(*Handler).errorHandler (errorHandler.go:24)
2024/12/24 14:43:39 2024/12/24 14:43:39 HTTP/1.1 [GET]	0.0.0.0:3030/api/posts/General?limit=20&offset=120 - 204 - No Content
2024/12/24 14:43:39 no posts found for category: General
2024/12/24 14:43:39 http: superfluous response.WriteHeader call from forum/internal/controller/http1.(*Handler).errorHandler (errorHandler.go:24)
2024/12/24 14:44:04 2024/12/24 14:44:04 HTTP/1.1 [GET]	0.0.0.0:3030/api/posts/General?limit=20&offset=120 - 204 - No Content
2024/12/24 14:44:04 no posts found for category: General
2024/12/24 14:44:04 http: superfluous response.WriteHeader call from forum/internal/controller/http1.(*Handler).errorHandler (errorHandler.go:24)
2024/12/24 14:44:29 2024/12/24 14:44:29 HTTP/1.1 [GET]	0.0.0.0:3030/api/posts/General?limit=20&offset=120 - 204 - No Content
2024/12/24 14:44:29 no posts found for category: General
2024/12/24 14:44:29 http: superfluous response.WriteHeader call from forum/internal/controller/http1.(*Handler).errorHandler (errorHandler.go:24)
2024/12/24 14:45:04 2024/12/24 14:45:04 HTTP/1.1 [GET]	0.0.0.0:3030/api/posts/General?limit=20&offset=120 - 204 - No Content
2024/12/24 14:45:04 no posts found for category: General
2024/12/24 14:45:04 http: superfluous response.WriteHeader call from forum/internal/controller/http1.(*Handler).errorHandler (errorHandler.go:24)
2024/12/24 14:45:20 2024/12/24 14:45:20 HTTP/1.1 [GET]	0.0.0.0:3030/api/posts/General?limit=20&offset=120 - 204 - No Content
2024/12/24 14:45:20 no posts found for category: General
2024/12/24 14:45:20 http: superfluous response.WriteHeader call from forum/internal/controller/http1.(*Handler).errorHandler (errorHandler.go:24)
2024/12/24 14:45:32 2024/12/24 14:45:32 HTTP/1.1 [GET]	0.0.0.0:3030/api/posts/General?limit=20&offset=120 - 204 - No Content
2024/12/24 14:45:32 no posts found for category: General
2024/12/24 14:45:32 http: superfluous response.WriteHeader call from forum/internal/controller/http1.(*Handler).errorHandler (errorHandler.go:24)
2024/12/24 15:30:08 [32mServer is running...🚀
Link: 🌐 http://0.0.0.0:3030
2024/12/24 15:49:30 [32mServer is running...🚀
Link: 🌐 http://:3030
2024/12/24 15:50:10 [32mServer is running...🚀
Link: 🌐 http://localhost:3030
2024/12/24 15:50:27 [32mServer is running...🚀
Link: 🌐 http://localhost:3030
2024/12/24 15:57:01 [32mServer is running...🚀
Link: 🌐 http://localhost:8080
2024/12/24 15:57:50 2024/12/24 15:57:50 HTTP/1.1 [POST]	localhost:8080/api/signin - 400 - Bad Request
2024/12/24 15:57:50 invalid password
2024/12/24 15:58:46 2024/12/24 15:58:46 HTTP/1.1 [GET]	localhost:8080/api/post/105 - 404 - Not Found
2024/12/24 15:58:46 sql: Scan error on column index 0, name "id": converting NULL to uint is unsupported
2024/12/24 16:19:39 [32mServer is running...🚀
Link: 🌐 http://localhost:8080
2024/12/24 16:21:52 2024/12/24 16:21:52 HTTP/1.1 [POST]	localhost:8080/api/signup - 400 - Bad Request
2024/12/24 16:21:52 bad request: invalid username
2024/12/24 16:22:15 2024/12/24 16:22:15 HTTP/1.1 [POST]	localhost:8080/api/signup - 400 - Bad Request
2024/12/24 16:22:15 bad request: invalid username
2024/12/24 16:22:38 2024/12/24 16:22:38 HTTP/1.1 [POST]	localhost:8080/api/signup - 400 - Bad Request
2024/12/24 16:22:38 bad request: invalid password
2024/12/24 16:22:39 2024/12/24 16:22:39 HTTP/1.1 [POST]	localhost:8080/api/signup - 400 - Bad Request
2024/12/24 16:22:39 bad request: invalid password
2024/12/24 16:22:39 2024/12/24 16:22:39 HTTP/1.1 [POST]	localhost:8080/api/signup - 400 - Bad Request
2024/12/24 16:22:39 bad request: invalid password
2024/12/24 16:22:49 2024/12/24 16:22:49 HTTP/1.1 [POST]	localhost:8080/api/signup - 400 - Bad Request
2024/12/24 16:22:49 bad request: invalid username
2024/12/24 16:23:02 2024/12/24 16:23:02 HTTP/1.1 [POST]	localhost:8080/api/signup - 400 - Bad Request
2024/12/24 16:23:02 bad request: invalid password
2024/12/24 16:23:04 2024/12/24 16:23:04 HTTP/1.1 [POST]	localhost:8080/api/signup - 400 - Bad Request
2024/12/24 16:23:04 bad request: invalid password
2024/12/24 16:23:04 2024/12/24 16:23:04 HTTP/1.1 [POST]	localhost:8080/api/signup - 400 - Bad Request
2024/12/24 16:23:04 bad request: invalid password
2024/12/24 16:23:04 2024/12/24 16:23:04 HTTP/1.1 [POST]	localhost:8080/api/signup - 400 - Bad Request
2024/12/24 16:23:04 bad request: invalid password
2024/12/24 16:23:05 2024/12/24 16:23:05 HTTP/1.1 [POST]	localhost:8080/api/signup - 400 - Bad Request
2024/12/24 16:23:05 bad request: invalid password
2024/12/24 16:23:22 2024/12/24 16:23:22 HTTP/1.1 [POST]	localhost:8080/api/signup - 400 - Bad Request
2024/12/24 16:23:22 bad request: invalid username
2024/12/24 16:23:28 2024/12/24 16:23:28 HTTP/1.1 [POST]	localhost:8080/api/signup - 400 - Bad Request
2024/12/24 16:23:28 bad request: invalid password
2024/12/24 16:23:35 2024/12/24 16:23:35 HTTP/1.1 [POST]	localhost:8080/api/signup - 400 - Bad Request
2024/12/24 16:23:35 bad request: invalid password
2024/12/24 16:23:37 2024/12/24 16:23:37 HTTP/1.1 [POST]	localhost:8080/api/signup - 400 - Bad Request
2024/12/24 16:23:37 bad request: invalid password
2024/12/24 16:31:39 2024/12/24 16:31:39 HTTP/1.1 [GET]	localhost:8080/api/post/0 - 404 - Not Found
2024/12/24 16:31:39 sql: Scan error on column index 0, name "id": converting NULL to uint is unsupported
2024/12/24 16:32:36 2024/12/24 16:32:36 HTTP/1.1 [GET]	localhost:8080/api/post/0 - 404 - Not Found
2024/12/24 16:32:36 sql: Scan error on column index 0, name "id": converting NULL to uint is unsupported
2024/12/24 16:33:33 2024/12/24 16:33:33 HTTP/1.1 [GET]	localhost:8080/api/posts/my-post?limit=20&offset=0 - 204 - No Content
2024/12/24 16:33:33 no posts found for category: my-post
2024/12/24 16:33:33 http: superfluous response.WriteHeader call from forum/internal/controller/http1.(*Handler).errorHandler (errorHandler.go:24)
2024/12/24 16:33:40 2024/12/24 16:33:40 HTTP/1.1 [GET]	localhost:8080/api/posts/my-post?limit=20&offset=0 - 204 - No Content
2024/12/24 16:33:40 no posts found for category: my-post
2024/12/24 16:33:40 http: superfluous response.WriteHeader call from forum/internal/controller/http1.(*Handler).errorHandler (errorHandler.go:24)
2024/12/24 16:33:45 2024/12/24 16:33:45 HTTP/1.1 [GET]	localhost:8080/api/posts/my-post?limit=20&offset=0 - 204 - No Content
2024/12/24 16:33:45 no posts found for category: my-post
2024/12/24 16:33:45 http: superfluous response.WriteHeader call from forum/internal/controller/http1.(*Handler).errorHandler (errorHandler.go:24)
2024/12/24 16:34:08 2024/12/24 16:34:08 HTTP/1.1 [GET]	localhost:8080/api/posts/liked?limit=20&offset=0 - 204 - No Content
2024/12/24 16:34:08 no posts found for category: liked
2024/12/24 16:34:08 http: superfluous response.WriteHeader call from forum/internal/controller/http1.(*Handler).errorHandler (errorHandler.go:24)
2024/12/24 16:37:08 2024/12/24 16:37:08 HTTP/1.1 [GET]	localhost:8080/api/post/10000 - 404 - Not Found
2024/12/24 16:37:08 sql: Scan error on column index 0, name "id": converting NULL to uint is unsupported
2024/12/24 16:37:47 2024/12/24 16:37:47 HTTP/1.1 [GET]	localhost:8080/api/post/1m - 400 - Bad Request
2024/12/24 16:37:47 invalid post id
2024/12/24 16:38:17 2024/12/24 16:38:17 HTTP/1.1 [POST]	localhost:8080/api/post/vote - 401 - Unauthorized
2024/12/24 16:38:17 invalid token
2024/12/24 16:38:18 2024/12/24 16:38:18 HTTP/1.1 [POST]	localhost:8080/api/signout - 401 - Unauthorized
2024/12/24 16:38:18 invalid token
2024/12/24 16:39:22 2024/12/24 16:39:22 HTTP/1.1 [POST]	localhost:8080/api/post/vote - 401 - Unauthorized
2024/12/24 16:39:22 invalid token
2024/12/24 16:39:22 2024/12/24 16:39:22 HTTP/1.1 [POST]	localhost:8080/api/signout - 401 - Unauthorized
2024/12/24 16:39:22 invalid token
2024/12/24 16:41:10 2024/12/24 16:41:10 HTTP/1.1 [POST]	localhost:8080/api/post/vote - 401 - Unauthorized
2024/12/24 16:41:10 no token cookie
2024/12/24 16:41:10 2024/12/24 16:41:10 HTTP/1.1 [POST]	localhost:8080/api/signout - 401 - Unauthorized
2024/12/24 16:41:10 no token cookie
2024/12/24 16:56:21 2024/12/24 16:56:21 HTTP/1.1 [POST]	localhost:8080/api/signup - 400 - Bad Request
2024/12/24 16:56:21 bad request: password must have at least oneupper casecharacter
2024/12/24 16:56:34 2024/12/24 16:56:34 HTTP/1.1 [POST]	localhost:8080/api/signup - 400 - Bad Request
2024/12/24 16:56:34 bad request: password must have at least onenumericcharacter
2024/12/24 16:56:50 2024/12/24 16:56:50 HTTP/1.1 [POST]	localhost:8080/api/signup - 400 - Bad Request
2024/12/24 16:56:50 bad request: password must have at least oneupper casecharacter
2024/12/24 16:57:20 2024/12/24 16:57:20 HTTP/1.1 [POST]	localhost:8080/api/signup - 400 - Bad Request
2024/12/24 16:57:20 bad request: already username is using
2024/12/24 16:59:28 2024/12/24 16:59:28 HTTP/1.1 [POST]	localhost:8080/api/post/vote - 401 - Unauthorized
2024/12/24 16:59:28 invalid token
2024/12/24 16:59:28 2024/12/24 16:59:28 HTTP/1.1 [POST]	localhost:8080/api/signout - 401 - Unauthorized
2024/12/24 16:59:28 invalid token
2024/12/24 16:59:33 2024/12/24 16:59:33 HTTP/1.1 [POST]	localhost:8080/api/post/vote - 401 - Unauthorized
2024/12/24 16:59:33 invalid token
2024/12/24 16:59:33 2024/12/24 16:59:33 HTTP/1.1 [POST]	localhost:8080/api/signout - 401 - Unauthorized
2024/12/24 16:59:33 invalid token
2024/12/24 17:02:37 2024/12/24 17:02:37 HTTP/1.1 [GET]	localhost:8080/api/posts/General?limit=20&offset=120 - 204 - No Content
2024/12/24 17:02:37 no posts found for category: General
2024/12/24 17:02:37 http: superfluous response.WriteHeader call from forum/internal/controller/http1.(*Handler).errorHandler (errorHandler.go:24)
2024/12/24 17:10:22 2024/12/24 17:10:22 HTTP/1.1 [POST]	localhost:8080/api/post/create - 400 - Bad Request
2024/12/24 17:10:22 data is empty
2024/12/24 17:10:59 2024/12/24 17:10:59 HTTP/1.1 [POST]	localhost:8080/api/post/create - 400 - Bad Request
2024/12/24 17:10:59 data is empty
2024/12/24 17:11:01 2024/12/24 17:11:01 HTTP/1.1 [POST]	localhost:8080/api/post/create - 400 - Bad Request
2024/12/24 17:11:01 data is empty
2024/12/24 17:12:28 2024/12/24 17:12:28 HTTP/1.1 [GET]	localhost:8080/api/posts/General?limit=20&offset=120 - 204 - No Content
2024/12/24 17:12:28 no posts found for category: General
2024/12/24 17:12:28 http: superfluous response.WriteHeader call from forum/internal/controller/http1.(*Handler).errorHandler (errorHandler.go:24)
2024/12/24 17:12:58 2024/12/24 17:12:58 HTTP/1.1 [GET]	localhost:8080/api/posts/General?limit=20&offset=120 - 204 - No Content
2024/12/24 17:12:58 no posts found for category: General
2024/12/24 17:12:58 http: superfluous response.WriteHeader call from forum/internal/controller/http1.(*Handler).errorHandler (errorHandler.go:24)
2024/12/24 17:19:56 [32mServer is running...🚀
Link: 🌐 http://localhost:8080
2024/12/24 17:20:02 2024/12/24 17:20:02 HTTP/1.1 [GET]	localhost:8080/api/posts/Database%20Technologies?limit=20&offset=0 - 204 - No Content
2024/12/24 17:20:02 no posts found for category: Database Technologies
2024/12/24 17:20:02 http: superfluous response.WriteHeader call from forum/internal/controller/http1.(*Handler).errorHandler (errorHandler.go:24)
2024/12/24 17:20:02 2024/12/24 17:20:02 HTTP/1.1 [GET]	localhost:8080/api/posts/Software%20Engineering?limit=20&offset=0 - 204 - No Content
2024/12/24 17:20:02 no posts found for category: Software Engineering
2024/12/24 17:20:02 http: superfluous response.WriteHeader call from forum/internal/controller/http1.(*Handler).errorHandler (errorHandler.go:24)
2024/12/24 17:20:03 2024/12/24 17:20:03 HTTP/1.1 [GET]	localhost:8080/api/posts/Programming%20Languages?limit=20&offset=0 - 204 - No Content
2024/12/24 17:20:03 no posts found for category: Programming Languages
2024/12/24 17:20:03 http: superfluous response.WriteHeader call from forum/internal/controller/http1.(*Handler).errorHandler (errorHandler.go:24)
2024/12/24 17:20:04 2024/12/24 17:20:04 HTTP/1.1 [GET]	localhost:8080/api/posts/Web%20Development?limit=20&offset=0 - 204 - No Content
2024/12/24 17:20:04 no posts found for category: Web Development
2024/12/24 17:20:04 http: superfluous response.WriteHeader call from forum/internal/controller/http1.(*Handler).errorHandler (errorHandler.go:24)
2024/12/24 17:20:05 2024/12/24 17:20:05 HTTP/1.1 [GET]	localhost:8080/api/posts/Programming%20Languages?limit=20&offset=0 - 204 - No Content
2024/12/24 17:20:05 no posts found for category: Programming Languages
2024/12/24 17:20:05 http: superfluous response.WriteHeader call from forum/internal/controller/http1.(*Handler).errorHandler (errorHandler.go:24)
2024/12/24 17:20:05 2024/12/24 17:20:05 HTTP/1.1 [GET]	localhost:8080/api/posts/Software%20Engineering?limit=20&offset=0 - 204 - No Content
2024/12/24 17:20:05 no posts found for category: Software Engineering
2024/12/24 17:20:05 http: superfluous response.WriteHeader call from forum/internal/controller/http1.(*Handler).errorHandler (errorHandler.go:24)
2024/12/24 17:20:05 2024/12/24 17:20:05 HTTP/1.1 [GET]	localhost:8080/api/posts/Database%20Technologies?limit=20&offset=0 - 204 - No Content
2024/12/24 17:20:05 no posts found for category: Database Technologies
2024/12/24 17:20:05 http: superfluous response.WriteHeader call from forum/internal/controller/http1.(*Handler).errorHandler (errorHandler.go:24)
2024/12/24 17:27:55 2024/12/24 17:27:55 HTTP/1.1 [POST]	localhost:8080/api/signup - 400 - Bad Request
2024/12/24 17:27:55 bad request: invalid password
2024/12/24 17:28:32 2024/12/24 17:28:32 HTTP/1.1 [GET]	localhost:8080/api/posts/Web%20Development?limit=20&offset=0 - 204 - No Content
2024/12/24 17:28:32 no posts found for category: Web Development
2024/12/24 17:28:32 http: superfluous response.WriteHeader call from forum/internal/controller/http1.(*Handler).errorHandler (errorHandler.go:24)
2024/12/24 17:28:33 2024/12/24 17:28:33 HTTP/1.1 [GET]	localhost:8080/api/posts/Programming%20Languages?limit=20&offset=0 - 204 - No Content
2024/12/24 17:28:33 no posts found for category: Programming Languages
2024/12/24 17:28:33 http: superfluous response.WriteHeader call from forum/internal/controller/http1.(*Handler).errorHandler (errorHandler.go:24)
2024/12/24 17:28:33 2024/12/24 17:28:33 HTTP/1.1 [GET]	localhost:8080/api/posts/Database%20Technologies?limit=20&offset=0 - 204 - No Content
2024/12/24 17:28:33 no posts found for category: Database Technologies
2024/12/24 17:28:33 http: superfluous response.WriteHeader call from forum/internal/controller/http1.(*Handler).errorHandler (errorHandler.go:24)
2024/12/24 17:28:34 2024/12/24 17:28:34 HTTP/1.1 [GET]	localhost:8080/api/posts/Database%20Technologies?limit=20&offset=0 - 204 - No Content
2024/12/24 17:28:34 no posts found for category: Database Technologies
2024/12/24 17:28:34 http: superfluous response.WriteHeader call from forum/internal/controller/http1.(*Handler).errorHandler (errorHandler.go:24)
2024/12/24 17:28:54 2024/12/24 17:28:54 HTTP/1.1 [GET]	localhost:8080/api/posts/General?limit=20&offset=100 - 204 - No Content
2024/12/24 17:28:54 no posts found for category: General
2024/12/24 17:28:54 http: superfluous response.WriteHeader call from forum/internal/controller/http1.(*Handler).errorHandler (errorHandler.go:24)
2024/12/24 17:48:15 [32mServer is running...🚀
Link: 🌐 http://localhost:8080
2024/12/24 17:49:13 2024/12/24 17:49:13 HTTP/1.1 [POST]	localhost:8080/api/post/create - 200 - OK
2024/12/24 17:49:13 invalid category
2024/12/24 18:06:14 [32mServer is running...🚀
Link: 🌐 http://localhost:8080
2024/12/24 18:06:16 2024/12/24 18:06:16 HTTP/1.1 [GET]	localhost:8080/src/assets/css/global.css/dhnqzjkdaz - 404 - Not Found
2024/12/24 18:06:16 not found
2024/12/24 18:09:03 2024/12/24 18:09:03 HTTP/1.1 [GET]	localhost:8080/src/assets/css/global.css/nkze - 404 - Not Found
2024/12/24 18:09:03 not found
2024/12/24 18:09:18 [32mServer is running...🚀
Link: 🌐 http://localhost:8080
2024/12/24 18:21:21 2024/12/24 18:21:21 HTTP/1.1 [GET]	localhost:8080/api/posts/General?limit=20&offset=100 - 204 - No Content
2024/12/24 18:25:02 test
2024/12/24 18:25:02 [32mServer is running...🚀
Link: 🌐 http://localhost:8080
2024/12/24 18:30:02 [32mServer is running...🚀
Link: 🌐 http://localhost:8080
2024/12/24 18:30:06 Executing query with LIMIT 20 and OFFSET 0
2024/12/24 18:30:07 Executing query with LIMIT 20 and OFFSET 20
2024/12/24 18:30:07 Executing query with LIMIT 20 and OFFSET 40
2024/12/24 18:30:08 Executing query with LIMIT 20 and OFFSET 60
2024/12/24 18:30:08 Executing query with LIMIT 20 and OFFSET 80
2024/12/24 18:30:09 Executing query with LIMIT 20 and OFFSET 100
2024/12/24 18:30:20 Executing query with LIMIT 20 and OFFSET 120
2024/12/24 18:30:20 2024/12/24 18:30:20 HTTP/1.1 [GET]	localhost:8080/api/posts/General?limit=20&offset=120 - 204 - No Content
2024/12/24 18:30:20 no posts found for category: General
2024/12/24 18:30:20 http: superfluous response.WriteHeader call from forum/internal/controller/http1.(*Handler).errorHandler (errorHandler.go:24)
2024/12/24 18:31:04 [32mServer is running...🚀
Link: 🌐 http://localhost:8080
2024/12/24 18:31:13 2024/12/24 18:31:13 HTTP/1.1 [GET]	localhost:8080/api/posts/General?limit=20&offset=120 - 204 - No Content
2024/12/24 18:31:13 no posts found for category: General
2024/12/24 18:31:13 http: superfluous response.WriteHeader call from forum/internal/controller/http1.(*Handler).errorHandler (errorHandler.go:24)
>>>>>>> 394a3f10f2d6ceec261a4fe19f12d364a6b151ac
2024/12/24 18:33:57 [32mServer is running...🚀
Link: 🌐 http://localhost:8080
2024/12/24 18:34:06 2024/12/24 18:34:06 HTTP/1.1 [POST]	localhost:8080/api/post/vote - 401 - Unauthorized
2024/12/24 18:34:06 no token cookie
2024/12/24 18:34:06 2024/12/24 18:34:06 HTTP/1.1 [POST]	localhost:8080/api/signout - 401 - Unauthorized
2024/12/24 18:34:06 no token cookie
2024/12/24 18:34:12 2024/12/24 18:34:12 HTTP/1.1 [GET]	localhost:8080/api/posts/General?limit=20&offset=120 - 204 - No Content
2024/12/24 18:34:12 no posts found for category: General
2024/12/24 18:34:12 http: superfluous response.WriteHeader call from forum/internal/controller/http1.(*Handler).errorHandler (errorHandler.go:24)
